  [1m[35m (0.1ms)[0m  [1m[34mSELECT sqlite_version(*)[0m
  ↳ /home/carol/.rvm/gems/ruby-2.4.1/bin/rake:23
  [1m[35m (93.0ms)[0m  [1m[35mCREATE TABLE "schema_migrations" ("version" varchar NOT NULL PRIMARY KEY)[0m
  ↳ /home/carol/.rvm/gems/ruby-2.4.1/bin/rake:23
  [1m[35m (79.4ms)[0m  [1m[35mCREATE TABLE "ar_internal_metadata" ("key" varchar NOT NULL PRIMARY KEY, "value" varchar, "created_at" datetime NOT NULL, "updated_at" datetime NOT NULL)[0m
  ↳ /home/carol/.rvm/gems/ruby-2.4.1/bin/rake:23
  [1m[35m (0.1ms)[0m  [1m[34mSELECT "schema_migrations"."version" FROM "schema_migrations" ORDER BY "schema_migrations"."version" ASC[0m
  ↳ /home/carol/.rvm/gems/ruby-2.4.1/bin/rake:23
Migrating to DeviseCreateUsers (20180729180402)
  [1m[35m (0.0ms)[0m  [1m[36mbegin transaction[0m
  ↳ /home/carol/.rvm/gems/ruby-2.4.1/bin/rake:23
  [1m[35m (0.3ms)[0m  [1m[35mCREATE TABLE "users" ("id" integer PRIMARY KEY AUTOINCREMENT NOT NULL, "email" varchar DEFAULT '' NOT NULL, "encrypted_password" varchar DEFAULT '' NOT NULL, "reset_password_token" varchar, "reset_password_sent_at" datetime, "remember_created_at" datetime, "created_at" datetime NOT NULL, "updated_at" datetime NOT NULL)[0m
  ↳ db/migrate/20180729180402_devise_create_users.rb:5
  [1m[35m (0.1ms)[0m  [1m[35mCREATE UNIQUE INDEX "index_users_on_email" ON "users" ("email")[0m
  ↳ db/migrate/20180729180402_devise_create_users.rb:39
  [1m[35m (0.1ms)[0m  [1m[35mCREATE UNIQUE INDEX "index_users_on_reset_password_token" ON "users" ("reset_password_token")[0m
  ↳ db/migrate/20180729180402_devise_create_users.rb:40
  [1m[36mActiveRecord::SchemaMigration Create (0.1ms)[0m  [1m[32mINSERT INTO "schema_migrations" ("version") VALUES (?)[0m  [["version", "20180729180402"]]
  ↳ /home/carol/.rvm/gems/ruby-2.4.1/bin/rake:23
  [1m[35m (112.9ms)[0m  [1m[36mcommit transaction[0m
  ↳ /home/carol/.rvm/gems/ruby-2.4.1/bin/rake:23
  [1m[36mActiveRecord::InternalMetadata Load (0.1ms)[0m  [1m[34mSELECT  "ar_internal_metadata".* FROM "ar_internal_metadata" WHERE "ar_internal_metadata"."key" = ? LIMIT ?[0m  [["key", "environment"], ["LIMIT", 1]]
  ↳ /home/carol/.rvm/gems/ruby-2.4.1/bin/rake:23
  [1m[35m (0.0ms)[0m  [1m[36mbegin transaction[0m
  ↳ /home/carol/.rvm/gems/ruby-2.4.1/bin/rake:23
  [1m[36mActiveRecord::InternalMetadata Create (0.2ms)[0m  [1m[32mINSERT INTO "ar_internal_metadata" ("key", "value", "created_at", "updated_at") VALUES (?, ?, ?, ?)[0m  [["key", "environment"], ["value", "development"], ["created_at", "2018-07-29 18:05:18.966535"], ["updated_at", "2018-07-29 18:05:18.966535"]]
  ↳ /home/carol/.rvm/gems/ruby-2.4.1/bin/rake:23
  [1m[35m (64.9ms)[0m  [1m[36mcommit transaction[0m
  ↳ /home/carol/.rvm/gems/ruby-2.4.1/bin/rake:23
  [1m[35m (0.1ms)[0m  [1m[34mSELECT "schema_migrations"."version" FROM "schema_migrations" ORDER BY "schema_migrations"."version" ASC[0m
  ↳ /home/carol/.rvm/gems/ruby-2.4.1/bin/rake:23
  [1m[35m (0.1ms)[0m  [1m[34mSELECT "schema_migrations"."version" FROM "schema_migrations" ORDER BY "schema_migrations"."version" ASC[0m
  ↳ /home/carol/.rvm/gems/ruby-2.4.1/bin/rake:23
Migrating to CreateTareas (20180729180846)
  [1m[35m (0.0ms)[0m  [1m[36mbegin transaction[0m
  ↳ /home/carol/.rvm/gems/ruby-2.4.1/bin/rake:23
  [1m[35m (0.1ms)[0m  [1m[34mSELECT sqlite_version(*)[0m
  ↳ db/migrate/20180729180846_create_tareas.rb:3
  [1m[35m (0.2ms)[0m  [1m[35mCREATE TABLE "tareas" ("id" integer PRIMARY KEY AUTOINCREMENT NOT NULL, "name" varchar, "photo" varchar, "created_at" datetime NOT NULL, "updated_at" datetime NOT NULL)[0m
  ↳ db/migrate/20180729180846_create_tareas.rb:3
  [1m[36mActiveRecord::SchemaMigration Create (0.1ms)[0m  [1m[32mINSERT INTO "schema_migrations" ("version") VALUES (?)[0m  [["version", "20180729180846"]]
  ↳ /home/carol/.rvm/gems/ruby-2.4.1/bin/rake:23
  [1m[35m (113.2ms)[0m  [1m[36mcommit transaction[0m
  ↳ /home/carol/.rvm/gems/ruby-2.4.1/bin/rake:23
  [1m[36mActiveRecord::InternalMetadata Load (0.3ms)[0m  [1m[34mSELECT  "ar_internal_metadata".* FROM "ar_internal_metadata" WHERE "ar_internal_metadata"."key" = ? LIMIT ?[0m  [["key", "environment"], ["LIMIT", 1]]
  ↳ /home/carol/.rvm/gems/ruby-2.4.1/bin/rake:23
  [1m[35m (0.0ms)[0m  [1m[36mbegin transaction[0m
  ↳ /home/carol/.rvm/gems/ruby-2.4.1/bin/rake:23
  [1m[35m (0.0ms)[0m  [1m[36mcommit transaction[0m
  ↳ /home/carol/.rvm/gems/ruby-2.4.1/bin/rake:23
  [1m[35m (0.1ms)[0m  [1m[34mSELECT "schema_migrations"."version" FROM "schema_migrations" ORDER BY "schema_migrations"."version" ASC[0m
  ↳ /home/carol/.rvm/gems/ruby-2.4.1/bin/rake:23
Started GET "/tareas/index" for 127.0.0.1 at 2018-07-29 14:12:25 -0400
  [1m[35m (0.1ms)[0m  [1m[34mSELECT "schema_migrations"."version" FROM "schema_migrations" ORDER BY "schema_migrations"."version" ASC[0m
  ↳ /home/carol/.rvm/gems/ruby-2.4.1/gems/activerecord-5.2.0/lib/active_record/log_subscriber.rb:98
Processing by TareasController#index as HTML
  Rendering tareas/index.html.erb within layouts/application
  Rendered tareas/index.html.erb within layouts/application (8.0ms)
Completed 200 OK in 1037ms (Views: 1031.9ms | ActiveRecord: 0.0ms)


Started GET "/" for 127.0.0.1 at 2018-07-29 14:15:58 -0400
  
SyntaxError (/home/carol/prueba02/config/routes.rb:3: syntax error, unexpected ':', expecting keyword_end
  resourses : tareas, only:index
             ^
/home/carol/prueba02/config/routes.rb:9: syntax error, unexpected keyword_end, expecting end-of-input):
  
config/routes.rb:3: syntax error, unexpected ':', expecting keyword_end
config/routes.rb:9: syntax error, unexpected keyword_end, expecting end-of-input
Started GET "/" for 127.0.0.1 at 2018-07-29 14:17:00 -0400
  
SyntaxError (/home/carol/prueba02/config/routes.rb:3: syntax error, unexpected ':', expecting keyword_end
  resources : tareas, only:index
             ^
/home/carol/prueba02/config/routes.rb:9: syntax error, unexpected keyword_end, expecting end-of-input):
  
config/routes.rb:3: syntax error, unexpected ':', expecting keyword_end
config/routes.rb:9: syntax error, unexpected keyword_end, expecting end-of-input
Started GET "/" for 127.0.0.1 at 2018-07-29 14:17:02 -0400
  
ActionController::RoutingError (No route matches [GET] "/"):
  
actionpack (5.2.0) lib/action_dispatch/middleware/debug_exceptions.rb:65:in `call'
web-console (3.6.2) lib/web_console/middleware.rb:135:in `call_app'
web-console (3.6.2) lib/web_console/middleware.rb:30:in `block in call'
web-console (3.6.2) lib/web_console/middleware.rb:20:in `catch'
web-console (3.6.2) lib/web_console/middleware.rb:20:in `call'
actionpack (5.2.0) lib/action_dispatch/middleware/show_exceptions.rb:33:in `call'
railties (5.2.0) lib/rails/rack/logger.rb:38:in `call_app'
railties (5.2.0) lib/rails/rack/logger.rb:26:in `block in call'
activesupport (5.2.0) lib/active_support/tagged_logging.rb:71:in `block in tagged'
activesupport (5.2.0) lib/active_support/tagged_logging.rb:28:in `tagged'
activesupport (5.2.0) lib/active_support/tagged_logging.rb:71:in `tagged'
railties (5.2.0) lib/rails/rack/logger.rb:26:in `call'
sprockets-rails (3.2.1) lib/sprockets/rails/quiet_assets.rb:13:in `call'
actionpack (5.2.0) lib/action_dispatch/middleware/remote_ip.rb:81:in `call'
actionpack (5.2.0) lib/action_dispatch/middleware/request_id.rb:27:in `call'
rack (2.0.5) lib/rack/method_override.rb:22:in `call'
rack (2.0.5) lib/rack/runtime.rb:22:in `call'
activesupport (5.2.0) lib/active_support/cache/strategy/local_cache_middleware.rb:29:in `call'
actionpack (5.2.0) lib/action_dispatch/middleware/executor.rb:14:in `call'
actionpack (5.2.0) lib/action_dispatch/middleware/static.rb:127:in `call'
rack (2.0.5) lib/rack/sendfile.rb:111:in `call'
railties (5.2.0) lib/rails/engine.rb:524:in `call'
puma (3.12.0) lib/puma/configuration.rb:225:in `call'
puma (3.12.0) lib/puma/server.rb:658:in `handle_request'
puma (3.12.0) lib/puma/server.rb:472:in `process_client'
puma (3.12.0) lib/puma/server.rb:332:in `block in run'
puma (3.12.0) lib/puma/thread_pool.rb:133:in `block in spawn_thread'
Started GET "/" for 127.0.0.1 at 2018-07-29 14:17:04 -0400
  
ActionController::RoutingError (No route matches [GET] "/"):
  
actionpack (5.2.0) lib/action_dispatch/middleware/debug_exceptions.rb:65:in `call'
web-console (3.6.2) lib/web_console/middleware.rb:135:in `call_app'
web-console (3.6.2) lib/web_console/middleware.rb:30:in `block in call'
web-console (3.6.2) lib/web_console/middleware.rb:20:in `catch'
web-console (3.6.2) lib/web_console/middleware.rb:20:in `call'
actionpack (5.2.0) lib/action_dispatch/middleware/show_exceptions.rb:33:in `call'
railties (5.2.0) lib/rails/rack/logger.rb:38:in `call_app'
railties (5.2.0) lib/rails/rack/logger.rb:26:in `block in call'
activesupport (5.2.0) lib/active_support/tagged_logging.rb:71:in `block in tagged'
activesupport (5.2.0) lib/active_support/tagged_logging.rb:28:in `tagged'
activesupport (5.2.0) lib/active_support/tagged_logging.rb:71:in `tagged'
railties (5.2.0) lib/rails/rack/logger.rb:26:in `call'
sprockets-rails (3.2.1) lib/sprockets/rails/quiet_assets.rb:13:in `call'
actionpack (5.2.0) lib/action_dispatch/middleware/remote_ip.rb:81:in `call'
actionpack (5.2.0) lib/action_dispatch/middleware/request_id.rb:27:in `call'
rack (2.0.5) lib/rack/method_override.rb:22:in `call'
rack (2.0.5) lib/rack/runtime.rb:22:in `call'
activesupport (5.2.0) lib/active_support/cache/strategy/local_cache_middleware.rb:29:in `call'
actionpack (5.2.0) lib/action_dispatch/middleware/executor.rb:14:in `call'
actionpack (5.2.0) lib/action_dispatch/middleware/static.rb:127:in `call'
rack (2.0.5) lib/rack/sendfile.rb:111:in `call'
railties (5.2.0) lib/rails/engine.rb:524:in `call'
puma (3.12.0) lib/puma/configuration.rb:225:in `call'
puma (3.12.0) lib/puma/server.rb:658:in `handle_request'
puma (3.12.0) lib/puma/server.rb:472:in `process_client'
puma (3.12.0) lib/puma/server.rb:332:in `block in run'
puma (3.12.0) lib/puma/thread_pool.rb:133:in `block in spawn_thread'
Started GET "/" for 127.0.0.1 at 2018-07-29 14:18:20 -0400
Processing by TareasController#index as HTML
  Rendering tareas/index.html.erb within layouts/application
  Rendered tareas/index.html.erb within layouts/application (0.3ms)
Completed 200 OK in 22ms (Views: 21.0ms | ActiveRecord: 0.0ms)


  [1m[35m (0.1ms)[0m  [1m[34mSELECT "schema_migrations"."version" FROM "schema_migrations" ORDER BY "schema_migrations"."version" ASC[0m
  ↳ /home/carol/.rvm/gems/ruby-2.4.1/bin/rake:23
  [1m[35m (0.0ms)[0m  [1m[36mbegin transaction[0m
  ↳ db/seeds.rb:9
  [1m[36mTarea Create (0.2ms)[0m  [1m[32mINSERT INTO "tareas" ("name", "photo", "created_at", "updated_at") VALUES (?, ?, ?, ?)[0m  [["name", "tarea1"], ["photo", "https://picsum.photos/420/320?image=1/"], ["created_at", "2018-07-29 18:42:04.314027"], ["updated_at", "2018-07-29 18:42:04.314027"]]
  ↳ db/seeds.rb:9
  [1m[35m (120.9ms)[0m  [1m[36mcommit transaction[0m
  ↳ db/seeds.rb:9
  [1m[35m (0.1ms)[0m  [1m[36mbegin transaction[0m
  ↳ db/seeds.rb:9
  [1m[36mTarea Create (0.4ms)[0m  [1m[32mINSERT INTO "tareas" ("name", "photo", "created_at", "updated_at") VALUES (?, ?, ?, ?)[0m  [["name", "tarea2"], ["photo", "https://picsum.photos/420/320?image=2/"], ["created_at", "2018-07-29 18:42:04.438911"], ["updated_at", "2018-07-29 18:42:04.438911"]]
  ↳ db/seeds.rb:9
  [1m[35m (92.0ms)[0m  [1m[36mcommit transaction[0m
  ↳ db/seeds.rb:9
  [1m[35m (0.1ms)[0m  [1m[36mbegin transaction[0m
  ↳ db/seeds.rb:9
  [1m[36mTarea Create (0.5ms)[0m  [1m[32mINSERT INTO "tareas" ("name", "photo", "created_at", "updated_at") VALUES (?, ?, ?, ?)[0m  [["name", "tarea3"], ["photo", "https://picsum.photos/420/320?image=3/"], ["created_at", "2018-07-29 18:42:04.534347"], ["updated_at", "2018-07-29 18:42:04.534347"]]
  ↳ db/seeds.rb:9
  [1m[35m (94.6ms)[0m  [1m[36mcommit transaction[0m
  ↳ db/seeds.rb:9
  [1m[35m (0.1ms)[0m  [1m[36mbegin transaction[0m
  ↳ db/seeds.rb:9
  [1m[36mTarea Create (0.2ms)[0m  [1m[32mINSERT INTO "tareas" ("name", "photo", "created_at", "updated_at") VALUES (?, ?, ?, ?)[0m  [["name", "tarea4"], ["photo", "https://picsum.photos/420/320?image=4/"], ["created_at", "2018-07-29 18:42:04.632634"], ["updated_at", "2018-07-29 18:42:04.632634"]]
  ↳ db/seeds.rb:9
  [1m[35m (91.0ms)[0m  [1m[36mcommit transaction[0m
  ↳ db/seeds.rb:9
  [1m[35m (0.1ms)[0m  [1m[36mbegin transaction[0m
  ↳ db/seeds.rb:9
  [1m[36mTarea Create (0.2ms)[0m  [1m[32mINSERT INTO "tareas" ("name", "photo", "created_at", "updated_at") VALUES (?, ?, ?, ?)[0m  [["name", "tarea5"], ["photo", "https://picsum.photos/420/320?image=5/"], ["created_at", "2018-07-29 18:42:04.725185"], ["updated_at", "2018-07-29 18:42:04.725185"]]
  ↳ db/seeds.rb:9
  [1m[35m (75.3ms)[0m  [1m[36mcommit transaction[0m
  ↳ db/seeds.rb:9
  [1m[35m (0.1ms)[0m  [1m[36mbegin transaction[0m
  ↳ db/seeds.rb:9
  [1m[36mTarea Create (0.2ms)[0m  [1m[32mINSERT INTO "tareas" ("name", "photo", "created_at", "updated_at") VALUES (?, ?, ?, ?)[0m  [["name", "tarea6"], ["photo", "https://picsum.photos/420/320?image=6/"], ["created_at", "2018-07-29 18:42:04.802666"], ["updated_at", "2018-07-29 18:42:04.802666"]]
  ↳ db/seeds.rb:9
  [1m[35m (62.8ms)[0m  [1m[36mcommit transaction[0m
  ↳ db/seeds.rb:9
  [1m[35m (0.0ms)[0m  [1m[36mbegin transaction[0m
  ↳ db/seeds.rb:9
  [1m[36mTarea Create (0.2ms)[0m  [1m[32mINSERT INTO "tareas" ("name", "photo", "created_at", "updated_at") VALUES (?, ?, ?, ?)[0m  [["name", "tarea7"], ["photo", "https://picsum.photos/420/320?image=7/"], ["created_at", "2018-07-29 18:42:04.868856"], ["updated_at", "2018-07-29 18:42:04.868856"]]
  ↳ db/seeds.rb:9
  [1m[35m (164.5ms)[0m  [1m[36mcommit transaction[0m
  ↳ db/seeds.rb:9
  [1m[35m (0.0ms)[0m  [1m[36mbegin transaction[0m
  ↳ db/seeds.rb:9
  [1m[36mTarea Create (0.2ms)[0m  [1m[32mINSERT INTO "tareas" ("name", "photo", "created_at", "updated_at") VALUES (?, ?, ?, ?)[0m  [["name", "tarea8"], ["photo", "https://picsum.photos/420/320?image=8/"], ["created_at", "2018-07-29 18:42:05.035595"], ["updated_at", "2018-07-29 18:42:05.035595"]]
  ↳ db/seeds.rb:9
  [1m[35m (74.7ms)[0m  [1m[36mcommit transaction[0m
  ↳ db/seeds.rb:9
  [1m[35m (0.0ms)[0m  [1m[36mbegin transaction[0m
  ↳ db/seeds.rb:9
  [1m[36mTarea Create (0.2ms)[0m  [1m[32mINSERT INTO "tareas" ("name", "photo", "created_at", "updated_at") VALUES (?, ?, ?, ?)[0m  [["name", "tarea9"], ["photo", "https://picsum.photos/420/320?image=9/"], ["created_at", "2018-07-29 18:42:05.112463"], ["updated_at", "2018-07-29 18:42:05.112463"]]
  ↳ db/seeds.rb:9
  [1m[35m (74.2ms)[0m  [1m[36mcommit transaction[0m
  ↳ db/seeds.rb:9
  [1m[35m (0.1ms)[0m  [1m[36mbegin transaction[0m
  ↳ db/seeds.rb:9
  [1m[36mTarea Create (0.2ms)[0m  [1m[32mINSERT INTO "tareas" ("name", "photo", "created_at", "updated_at") VALUES (?, ?, ?, ?)[0m  [["name", "tarea10"], ["photo", "https://picsum.photos/420/320?image=10/"], ["created_at", "2018-07-29 18:42:05.189732"], ["updated_at", "2018-07-29 18:42:05.189732"]]
  ↳ db/seeds.rb:9
  [1m[35m (107.9ms)[0m  [1m[36mcommit transaction[0m
  ↳ db/seeds.rb:9
  [1m[35m (0.1ms)[0m  [1m[36mbegin transaction[0m
  ↳ db/seeds.rb:9
  [1m[36mTarea Create (0.2ms)[0m  [1m[32mINSERT INTO "tareas" ("name", "photo", "created_at", "updated_at") VALUES (?, ?, ?, ?)[0m  [["name", "tarea11"], ["photo", "https://picsum.photos/420/320?image=11/"], ["created_at", "2018-07-29 18:42:05.300570"], ["updated_at", "2018-07-29 18:42:05.300570"]]
  ↳ db/seeds.rb:9
  [1m[35m (74.2ms)[0m  [1m[36mcommit transaction[0m
  ↳ db/seeds.rb:9
  [1m[35m (0.0ms)[0m  [1m[36mbegin transaction[0m
  ↳ db/seeds.rb:9
  [1m[36mTarea Create (0.2ms)[0m  [1m[32mINSERT INTO "tareas" ("name", "photo", "created_at", "updated_at") VALUES (?, ?, ?, ?)[0m  [["name", "tarea12"], ["photo", "https://picsum.photos/420/320?image=12/"], ["created_at", "2018-07-29 18:42:05.376902"], ["updated_at", "2018-07-29 18:42:05.376902"]]
  ↳ db/seeds.rb:9
  [1m[35m (76.0ms)[0m  [1m[36mcommit transaction[0m
  ↳ db/seeds.rb:9
  [1m[36mTarea Load (0.1ms)[0m  [1m[34mSELECT  "tareas".* FROM "tareas" ORDER BY "tareas"."id" DESC LIMIT ?[0m  [["LIMIT", 1]]
Started GET "/" for 127.0.0.1 at 2018-07-29 14:45:20 -0400
  [1m[35m (0.1ms)[0m  [1m[34mSELECT "schema_migrations"."version" FROM "schema_migrations" ORDER BY "schema_migrations"."version" ASC[0m
  ↳ /home/carol/.rvm/gems/ruby-2.4.1/gems/activerecord-5.2.0/lib/active_record/log_subscriber.rb:98
Processing by TareasController#index as HTML
  Rendering tareas/index.html.erb within layouts/application
  Rendered tareas/index.html.erb within layouts/application (0.6ms)
Completed 200 OK in 201ms (Views: 195.4ms | ActiveRecord: 0.0ms)


Started GET "/" for 127.0.0.1 at 2018-07-29 14:49:10 -0400
Processing by TareasController#index as HTML
  Rendering tareas/index.html.erb within layouts/application
  Rendered tareas/index.html.erb within layouts/application (14.8ms)
Completed 500 Internal Server Error in 20ms (ActiveRecord: 0.0ms)


  
ActionView::Template::Error (undefined method `each' for nil:NilClass):
    2: <p>Find me in app/views/tareas/index.html.erb</p>
    3: 
    4: 
    5: 	<% @tareas.each do |tareas| %>
    6: 	<%= tareas.name %>
    7: 	<%= image_tag tareas.photo %>
    8: 	<% end %>
  
app/views/tareas/index.html.erb:5:in `_app_views_tareas_index_html_erb__3283635419145440883_69940790991800'
Started GET "/" for 127.0.0.1 at 2018-07-29 14:50:18 -0400
Processing by TareasController#index as HTML
  Rendering tareas/index.html.erb within layouts/application
  Rendered tareas/index.html.erb within layouts/application (2.6ms)
Completed 500 Internal Server Error in 7ms (ActiveRecord: 0.0ms)


  
ActionView::Template::Error (undefined method `each' for nil:NilClass):
    2: <p>Find me in app/views/tareas/index.html.erb</p>
    3: 
    4: 
    5: <%@tareas.each do |tareas| %>
    6: 	<%= tareas.name %>
    7: 	<%= image_tag tareas.photo %>
    8: <% end %>
  
app/views/tareas/index.html.erb:5:in `_app_views_tareas_index_html_erb__3283635419145440883_69940795378520'
Started GET "/" for 127.0.0.1 at 2018-07-29 14:50:19 -0400
Processing by TareasController#index as HTML
  Rendering tareas/index.html.erb within layouts/application
  Rendered tareas/index.html.erb within layouts/application (2.8ms)
Completed 500 Internal Server Error in 6ms (ActiveRecord: 0.0ms)


  
ActionView::Template::Error (undefined method `each' for nil:NilClass):
    2: <p>Find me in app/views/tareas/index.html.erb</p>
    3: 
    4: 
    5: <%@tareas.each do |tareas| %>
    6: 	<%= tareas.name %>
    7: 	<%= image_tag tareas.photo %>
    8: <% end %>
  
app/views/tareas/index.html.erb:5:in `_app_views_tareas_index_html_erb__3283635419145440883_69940935214560'
Started GET "/" for 127.0.0.1 at 2018-07-29 14:51:41 -0400
Processing by TareasController#index as HTML
  Rendering tareas/index.html.erb within layouts/application
  Rendered tareas/index.html.erb within layouts/application (2.8ms)
Completed 500 Internal Server Error in 7ms (ActiveRecord: 0.0ms)


  
ActionView::Template::Error (undefined method `each' for nil:NilClass):
    2: <p>Find me in app/views/tareas/index.html.erb</p>
    3: 
    4: 
    5: <%@tareas.each do |tarea| %>
    6: 	<%= tarea.name %>
    7: 	<%= image_tag tarea.photo %>
    8: <% end %>
  
app/views/tareas/index.html.erb:5:in `_app_views_tareas_index_html_erb__3283635419145440883_69940792296440'
Started GET "/" for 127.0.0.1 at 2018-07-29 14:51:59 -0400
Processing by TareasController#index as HTML
  Rendering tareas/index.html.erb within layouts/application
  Rendered tareas/index.html.erb within layouts/application (3.1ms)
Completed 500 Internal Server Error in 7ms (ActiveRecord: 0.0ms)


  
ActionView::Template::Error (undefined method `each' for nil:NilClass):
    2: <p>Find me in app/views/tareas/index.html.erb</p>
    3: 
    4: 
    5: <%@tarea.each do |tarea| %>
    6: 	<%= tarea.name %>
    7: 	<%= image_tag tarea.photo %>
    8: <% end %>
  
app/views/tareas/index.html.erb:5:in `_app_views_tareas_index_html_erb__3283635419145440883_69940794634980'
Started GET "/" for 127.0.0.1 at 2018-07-29 14:52:00 -0400
Processing by TareasController#index as HTML
  Rendering tareas/index.html.erb within layouts/application
  Rendered tareas/index.html.erb within layouts/application (2.6ms)
Completed 500 Internal Server Error in 7ms (ActiveRecord: 0.0ms)


  
ActionView::Template::Error (undefined method `each' for nil:NilClass):
    2: <p>Find me in app/views/tareas/index.html.erb</p>
    3: 
    4: 
    5: <%@tarea.each do |tarea| %>
    6: 	<%= tarea.name %>
    7: 	<%= image_tag tarea.photo %>
    8: <% end %>
  
app/views/tareas/index.html.erb:5:in `_app_views_tareas_index_html_erb__3283635419145440883_69940930109480'
Started GET "/" for 127.0.0.1 at 2018-07-29 14:52:01 -0400
Processing by TareasController#index as HTML
  Rendering tareas/index.html.erb within layouts/application
  Rendered tareas/index.html.erb within layouts/application (1.9ms)
Completed 500 Internal Server Error in 4ms (ActiveRecord: 0.0ms)


  
ActionView::Template::Error (undefined method `each' for nil:NilClass):
    2: <p>Find me in app/views/tareas/index.html.erb</p>
    3: 
    4: 
    5: <%@tarea.each do |tarea| %>
    6: 	<%= tarea.name %>
    7: 	<%= image_tag tarea.photo %>
    8: <% end %>
  
app/views/tareas/index.html.erb:5:in `_app_views_tareas_index_html_erb__3283635419145440883_69940938636680'
Started GET "/" for 127.0.0.1 at 2018-07-29 15:05:29 -0400
Processing by TareasController#index as HTML
  Rendering tareas/index.html.erb within layouts/application
  Rendered tareas/index.html.erb within layouts/application (3.3ms)
Completed 500 Internal Server Error in 8ms (ActiveRecord: 0.0ms)


  
ActionView::Template::Error (undefined method `each' for nil:NilClass):
    2: <p>Find me in app/views/tareas/index.html.erb</p>
    3: 
    4: <div class="container">
    5: 	<% @tareas.each do |tareas| %>
    6: 	<%= tareas.name %>
    7: 	<%= image_tag tareas.photo %>
    8: 	<% end %>
  
app/views/tareas/index.html.erb:5:in `_app_views_tareas_index_html_erb__3283635419145440883_69940793298600'
Started GET "/" for 127.0.0.1 at 2018-07-29 15:05:30 -0400
Processing by TareasController#index as HTML
  Rendering tareas/index.html.erb within layouts/application
  Rendered tareas/index.html.erb within layouts/application (4.6ms)
Completed 500 Internal Server Error in 10ms (ActiveRecord: 0.0ms)


  
ActionView::Template::Error (undefined method `each' for nil:NilClass):
    2: <p>Find me in app/views/tareas/index.html.erb</p>
    3: 
    4: <div class="container">
    5: 	<% @tareas.each do |tareas| %>
    6: 	<%= tareas.name %>
    7: 	<%= image_tag tareas.photo %>
    8: 	<% end %>
  
app/views/tareas/index.html.erb:5:in `_app_views_tareas_index_html_erb__3283635419145440883_69940795177720'
Started GET "/" for 127.0.0.1 at 2018-07-29 15:06:05 -0400
Processing by TareasController#index as HTML
  Rendering tareas/index.html.erb within layouts/application
  Rendered tareas/index.html.erb within layouts/application (3.5ms)
Completed 500 Internal Server Error in 8ms (ActiveRecord: 0.0ms)


  
ActionView::Template::Error (undefined method `each' for nil:NilClass):
    2: <p>Find me in app/views/tareas/index.html.erb</p>
    3: 
    4: <div class="container">
    5: 	<% @tarea.each do |tarea| %>
    6: 	<%= tarea.name %>
    7: 	<%= image_tag tareas.photo %>
    8: 	<% end %>
  
app/views/tareas/index.html.erb:5:in `_app_views_tareas_index_html_erb__3283635419145440883_69940932743660'
Started GET "/" for 127.0.0.1 at 2018-07-29 15:06:06 -0400
Processing by TareasController#index as HTML
  Rendering tareas/index.html.erb within layouts/application
  Rendered tareas/index.html.erb within layouts/application (3.9ms)
Completed 500 Internal Server Error in 8ms (ActiveRecord: 0.0ms)


  
ActionView::Template::Error (undefined method `each' for nil:NilClass):
    2: <p>Find me in app/views/tareas/index.html.erb</p>
    3: 
    4: <div class="container">
    5: 	<% @tarea.each do |tarea| %>
    6: 	<%= tarea.name %>
    7: 	<%= image_tag tareas.photo %>
    8: 	<% end %>
  
app/views/tareas/index.html.erb:5:in `_app_views_tareas_index_html_erb__3283635419145440883_69940939458160'
Started GET "/" for 127.0.0.1 at 2018-07-29 15:06:50 -0400
Processing by TareasController#index as HTML
  Rendering tareas/index.html.erb within layouts/application
  [1m[36mTarea Load (0.2ms)[0m  [1m[34mSELECT "tareas".* FROM "tareas"[0m
  ↳ app/views/tareas/index.html.erb:5
  Rendered tareas/index.html.erb within layouts/application (239.1ms)
Completed 500 Internal Server Error in 243ms (ActiveRecord: 0.7ms)


  
ActionView::Template::Error (undefined local variable or method `tareas' for #<#<Class:0x007f38b8284950>:0x007f38b827aa68>
Did you mean?  tarea
               @tareas):
    4: <div class="container">
    5: 	<% @tareas.each do |tarea| %>
    6: 	<%= tarea.name %>
    7: 	<%= image_tag tareas.photo %>
    8: 	<% end %>
    9: </div>
  
app/views/tareas/index.html.erb:7:in `block in _app_views_tareas_index_html_erb__3283635419145440883_69940792273420'
app/views/tareas/index.html.erb:5:in `_app_views_tareas_index_html_erb__3283635419145440883_69940792273420'
Started GET "/" for 127.0.0.1 at 2018-07-29 15:07:48 -0400
Processing by TareasController#index as HTML
  Rendering tareas/index.html.erb within layouts/application
  [1m[36mTarea Load (0.4ms)[0m  [1m[34mSELECT "tareas".* FROM "tareas"[0m
  ↳ app/views/tareas/index.html.erb:5
  Rendered tareas/index.html.erb within layouts/application (281.7ms)
Completed 500 Internal Server Error in 290ms (ActiveRecord: 0.4ms)


  
ActionView::Template::Error (undefined local variable or method `tareas' for #<#<Class:0x007f38b8284950>:0x007f38c931c1b8>
Did you mean?  tarea
               @tareas):
    4: <div class="container">
    5: 	<% @tareas.each do |tarea| %>
    6: 	<%= tarea.name %>
    7: 	<%= image_tag tareas.photo %>
    8: 	<% end %>
    9: </div>
  
app/views/tareas/index.html.erb:7:in `block in _app_views_tareas_index_html_erb__3283635419145440883_69940935191820'
app/views/tareas/index.html.erb:5:in `_app_views_tareas_index_html_erb__3283635419145440883_69940935191820'
Started GET "/" for 127.0.0.1 at 2018-07-29 15:07:49 -0400
Processing by TareasController#index as HTML
  Rendering tareas/index.html.erb within layouts/application
  [1m[36mTarea Load (0.5ms)[0m  [1m[34mSELECT "tareas".* FROM "tareas"[0m
  ↳ app/views/tareas/index.html.erb:5
  Rendered tareas/index.html.erb within layouts/application (222.2ms)
Completed 500 Internal Server Error in 226ms (ActiveRecord: 0.5ms)


  
ActionView::Template::Error (undefined local variable or method `tareas' for #<#<Class:0x007f38b8284950>:0x007f38c8d54c30>
Did you mean?  tarea
               @tareas):
    4: <div class="container">
    5: 	<% @tareas.each do |tarea| %>
    6: 	<%= tarea.name %>
    7: 	<%= image_tag tareas.photo %>
    8: 	<% end %>
    9: </div>
  
app/views/tareas/index.html.erb:7:in `block in _app_views_tareas_index_html_erb__3283635419145440883_69940932183100'
app/views/tareas/index.html.erb:5:in `_app_views_tareas_index_html_erb__3283635419145440883_69940932183100'
Started GET "/" for 127.0.0.1 at 2018-07-29 15:07:49 -0400
Processing by TareasController#index as HTML
  Rendering tareas/index.html.erb within layouts/application
  [1m[36mTarea Load (0.3ms)[0m  [1m[34mSELECT "tareas".* FROM "tareas"[0m
  ↳ app/views/tareas/index.html.erb:5
  Rendered tareas/index.html.erb within layouts/application (284.9ms)
Completed 500 Internal Server Error in 290ms (ActiveRecord: 0.3ms)


  
ActionView::Template::Error (undefined local variable or method `tareas' for #<#<Class:0x007f38b8284950>:0x007f38c9ae9508>
Did you mean?  tarea
               @tareas):
    4: <div class="container">
    5: 	<% @tareas.each do |tarea| %>
    6: 	<%= tarea.name %>
    7: 	<%= image_tag tareas.photo %>
    8: 	<% end %>
    9: </div>
  
app/views/tareas/index.html.erb:7:in `block in _app_views_tareas_index_html_erb__3283635419145440883_69940939280280'
app/views/tareas/index.html.erb:5:in `_app_views_tareas_index_html_erb__3283635419145440883_69940939280280'
Started GET "/" for 127.0.0.1 at 2018-07-29 15:07:54 -0400
Processing by TareasController#index as HTML
  Rendering tareas/index.html.erb within layouts/application
  [1m[36mTarea Load (0.4ms)[0m  [1m[34mSELECT "tareas".* FROM "tareas"[0m
  ↳ app/views/tareas/index.html.erb:5
  Rendered tareas/index.html.erb within layouts/application (226.4ms)
Completed 500 Internal Server Error in 230ms (ActiveRecord: 0.4ms)


  
ActionView::Template::Error (undefined local variable or method `tareas' for #<#<Class:0x007f38b8284950>:0x0055e913643398>
Did you mean?  tarea
               @tareas):
    4: <div class="container">
    5: 	<% @tareas.each do |tarea| %>
    6: 	<%= tarea.name %>
    7: 	<%= image_tag tareas.photo %>
    8: 	<% end %>
    9: </div>
  
app/views/tareas/index.html.erb:7:in `block in _app_views_tareas_index_html_erb__3283635419145440883_47229770812040'
app/views/tareas/index.html.erb:5:in `_app_views_tareas_index_html_erb__3283635419145440883_47229770812040'
Started POST "/__web_console/repl_sessions/154dc76ec1366a991dc7c4f54d2b2234/trace" for 127.0.0.1 at 2018-07-29 15:08:21 -0400
Started POST "/__web_console/repl_sessions/154dc76ec1366a991dc7c4f54d2b2234/trace" for 127.0.0.1 at 2018-07-29 15:08:25 -0400
Started GET "/" for 127.0.0.1 at 2018-07-29 15:10:24 -0400
Processing by TareasController#index as HTML
  Rendering tareas/index.html.erb within layouts/application
  [1m[36mTarea Load (0.2ms)[0m  [1m[34mSELECT "tareas".* FROM "tareas"[0m
  ↳ app/views/tareas/index.html.erb:5
  Rendered tareas/index.html.erb within layouts/application (2.7ms)
Completed 200 OK in 29ms (Views: 27.1ms | ActiveRecord: 0.2ms)


Started GET "/" for 127.0.0.1 at 2018-07-29 15:12:14 -0400
Processing by TareasController#index as HTML
  Rendering tareas/index.html.erb within layouts/application
  [1m[36mTarea Load (0.2ms)[0m  [1m[34mSELECT "tareas".* FROM "tareas"[0m
  ↳ app/views/tareas/index.html.erb:5
  Rendered tareas/index.html.erb within layouts/application (1.7ms)
Completed 200 OK in 35ms (Views: 14.9ms | ActiveRecord: 0.2ms)


Started GET "/" for 127.0.0.1 at 2018-07-29 15:12:33 -0400
Processing by TareasController#index as HTML
  Rendering tareas/index.html.erb within layouts/application
  [1m[36mTarea Load (0.2ms)[0m  [1m[34mSELECT "tareas".* FROM "tareas"[0m
  ↳ app/views/tareas/index.html.erb:5
  Rendered tareas/index.html.erb within layouts/application (2.0ms)
Completed 200 OK in 18ms (Views: 16.8ms | ActiveRecord: 0.2ms)


Started GET "/" for 127.0.0.1 at 2018-07-29 15:12:35 -0400
Processing by TareasController#index as HTML
  Rendering tareas/index.html.erb within layouts/application
  [1m[36mTarea Load (0.4ms)[0m  [1m[34mSELECT "tareas".* FROM "tareas"[0m
  ↳ app/views/tareas/index.html.erb:5
  Rendered tareas/index.html.erb within layouts/application (3.5ms)
Completed 200 OK in 25ms (Views: 23.2ms | ActiveRecord: 0.4ms)


Started GET "/" for 127.0.0.1 at 2018-07-29 15:12:36 -0400
Processing by TareasController#index as HTML
  Rendering tareas/index.html.erb within layouts/application
  [1m[36mTarea Load (0.2ms)[0m  [1m[34mSELECT "tareas".* FROM "tareas"[0m
  ↳ app/views/tareas/index.html.erb:5
  Rendered tareas/index.html.erb within layouts/application (2.4ms)
Completed 200 OK in 21ms (Views: 19.1ms | ActiveRecord: 0.2ms)


Started GET "/" for 127.0.0.1 at 2018-07-29 15:12:39 -0400
Processing by TareasController#index as HTML
  Rendering tareas/index.html.erb within layouts/application
  [1m[36mTarea Load (0.3ms)[0m  [1m[34mSELECT "tareas".* FROM "tareas"[0m
  ↳ app/views/tareas/index.html.erb:5
  Rendered tareas/index.html.erb within layouts/application (2.6ms)
Completed 200 OK in 21ms (Views: 19.4ms | ActiveRecord: 0.3ms)


Started GET "/" for 127.0.0.1 at 2018-07-29 15:12:40 -0400
Processing by TareasController#index as HTML
  Rendering tareas/index.html.erb within layouts/application
  [1m[36mTarea Load (0.3ms)[0m  [1m[34mSELECT "tareas".* FROM "tareas"[0m
  ↳ app/views/tareas/index.html.erb:5
  Rendered tareas/index.html.erb within layouts/application (2.3ms)
Completed 200 OK in 21ms (Views: 18.6ms | ActiveRecord: 0.3ms)


Started GET "/" for 127.0.0.1 at 2018-07-29 15:12:41 -0400
Processing by TareasController#index as HTML
  Rendering tareas/index.html.erb within layouts/application
  [1m[36mTarea Load (0.4ms)[0m  [1m[34mSELECT "tareas".* FROM "tareas"[0m
  ↳ app/views/tareas/index.html.erb:5
  Rendered tareas/index.html.erb within layouts/application (2.6ms)
Completed 200 OK in 20ms (Views: 17.4ms | ActiveRecord: 0.4ms)


Started GET "/" for 127.0.0.1 at 2018-07-29 15:12:43 -0400
Processing by TareasController#index as HTML
  Rendering tareas/index.html.erb within layouts/application
  [1m[36mTarea Load (0.5ms)[0m  [1m[34mSELECT "tareas".* FROM "tareas"[0m
  ↳ app/views/tareas/index.html.erb:5
  Rendered tareas/index.html.erb within layouts/application (4.0ms)
Completed 200 OK in 23ms (Views: 20.5ms | ActiveRecord: 0.5ms)


Started GET "/" for 127.0.0.1 at 2018-07-29 15:12:46 -0400
Processing by TareasController#index as HTML
  Rendering tareas/index.html.erb within layouts/application
  [1m[36mTarea Load (0.2ms)[0m  [1m[34mSELECT "tareas".* FROM "tareas"[0m
  ↳ app/views/tareas/index.html.erb:5
  Rendered tareas/index.html.erb within layouts/application (2.6ms)
Completed 200 OK in 28ms (Views: 25.8ms | ActiveRecord: 0.2ms)


Started GET "/" for 127.0.0.1 at 2018-07-29 15:12:47 -0400
Processing by TareasController#index as HTML
  Rendering tareas/index.html.erb within layouts/application
  [1m[36mTarea Load (0.2ms)[0m  [1m[34mSELECT "tareas".* FROM "tareas"[0m
  ↳ app/views/tareas/index.html.erb:5
  Rendered tareas/index.html.erb within layouts/application (1.8ms)
Completed 200 OK in 18ms (Views: 16.0ms | ActiveRecord: 0.2ms)


Started GET "/" for 127.0.0.1 at 2018-07-29 15:13:19 -0400
Processing by TareasController#index as HTML
  Rendering tareas/index.html.erb within layouts/application
  [1m[36mTarea Load (0.4ms)[0m  [1m[34mSELECT "tareas".* FROM "tareas"[0m
  ↳ app/views/tareas/index.html.erb:5
  Rendered tareas/index.html.erb within layouts/application (3.5ms)
Completed 200 OK in 22ms (Views: 20.0ms | ActiveRecord: 0.4ms)


Started GET "/" for 127.0.0.1 at 2018-07-29 15:13:33 -0400
Processing by TareasController#index as HTML
  Rendering tareas/index.html.erb within layouts/application
  [1m[36mTarea Load (0.2ms)[0m  [1m[34mSELECT "tareas".* FROM "tareas"[0m
  ↳ app/views/tareas/index.html.erb:5
  Rendered tareas/index.html.erb within layouts/application (2.7ms)
Completed 200 OK in 20ms (Views: 17.9ms | ActiveRecord: 0.2ms)


Started GET "/" for 127.0.0.1 at 2018-07-29 15:13:34 -0400
Processing by TareasController#index as HTML
  Rendering tareas/index.html.erb within layouts/application
  [1m[36mTarea Load (0.3ms)[0m  [1m[34mSELECT "tareas".* FROM "tareas"[0m
  ↳ app/views/tareas/index.html.erb:5
  Rendered tareas/index.html.erb within layouts/application (2.0ms)
Completed 200 OK in 21ms (Views: 20.2ms | ActiveRecord: 0.3ms)


Started GET "/" for 127.0.0.1 at 2018-07-29 15:13:35 -0400
Processing by TareasController#index as HTML
  Rendering tareas/index.html.erb within layouts/application
  [1m[36mTarea Load (0.2ms)[0m  [1m[34mSELECT "tareas".* FROM "tareas"[0m
  ↳ app/views/tareas/index.html.erb:5
  Rendered tareas/index.html.erb within layouts/application (2.3ms)
Completed 200 OK in 21ms (Views: 19.6ms | ActiveRecord: 0.2ms)


Started GET "/" for 127.0.0.1 at 2018-07-29 15:13:36 -0400
Processing by TareasController#index as HTML
  Rendering tareas/index.html.erb within layouts/application
  [1m[36mTarea Load (0.6ms)[0m  [1m[34mSELECT "tareas".* FROM "tareas"[0m
  ↳ app/views/tareas/index.html.erb:5
  Rendered tareas/index.html.erb within layouts/application (4.0ms)
Completed 200 OK in 23ms (Views: 21.3ms | ActiveRecord: 0.6ms)


Started GET "/" for 127.0.0.1 at 2018-07-29 15:13:37 -0400
Processing by TareasController#index as HTML
  Rendering tareas/index.html.erb within layouts/application
  [1m[36mTarea Load (0.3ms)[0m  [1m[34mSELECT "tareas".* FROM "tareas"[0m
  ↳ app/views/tareas/index.html.erb:5
  Rendered tareas/index.html.erb within layouts/application (2.7ms)
Completed 200 OK in 21ms (Views: 19.1ms | ActiveRecord: 0.3ms)


Started GET "/" for 127.0.0.1 at 2018-07-29 15:13:38 -0400
Processing by TareasController#index as HTML
  Rendering tareas/index.html.erb within layouts/application
  [1m[36mTarea Load (0.3ms)[0m  [1m[34mSELECT "tareas".* FROM "tareas"[0m
  ↳ app/views/tareas/index.html.erb:5
  Rendered tareas/index.html.erb within layouts/application (2.8ms)
Completed 200 OK in 28ms (Views: 26.2ms | ActiveRecord: 0.3ms)


Started GET "/" for 127.0.0.1 at 2018-07-29 15:13:39 -0400
Processing by TareasController#index as HTML
  Rendering tareas/index.html.erb within layouts/application
  [1m[36mTarea Load (0.3ms)[0m  [1m[34mSELECT "tareas".* FROM "tareas"[0m
  ↳ app/views/tareas/index.html.erb:5
  Rendered tareas/index.html.erb within layouts/application (3.3ms)
Completed 200 OK in 29ms (Views: 27.2ms | ActiveRecord: 0.3ms)


Started GET "/" for 127.0.0.1 at 2018-07-29 15:16:50 -0400
Processing by TareasController#index as HTML
  Rendering tareas/index.html.erb within layouts/application
  [1m[36mTarea Load (0.3ms)[0m  [1m[34mSELECT "tareas".* FROM "tareas"[0m
  ↳ app/views/tareas/index.html.erb:5
  Rendered tareas/index.html.erb within layouts/application (3.2ms)
Completed 200 OK in 22ms (Views: 20.5ms | ActiveRecord: 0.3ms)


Started GET "/" for 127.0.0.1 at 2018-07-29 15:17:49 -0400
Processing by TareasController#index as HTML
  Rendering tareas/index.html.erb within layouts/application
  [1m[36mTarea Load (0.2ms)[0m  [1m[34mSELECT "tareas".* FROM "tareas"[0m
  ↳ app/views/tareas/index.html.erb:5
  Rendered tareas/index.html.erb within layouts/application (2.4ms)
Completed 200 OK in 21ms (Views: 18.8ms | ActiveRecord: 0.2ms)


Started GET "/" for 127.0.0.1 at 2018-07-29 15:17:51 -0400
Processing by TareasController#index as HTML
  Rendering tareas/index.html.erb within layouts/application
  [1m[36mTarea Load (0.2ms)[0m  [1m[34mSELECT "tareas".* FROM "tareas"[0m
  ↳ app/views/tareas/index.html.erb:5
  Rendered tareas/index.html.erb within layouts/application (2.2ms)
Completed 200 OK in 23ms (Views: 21.4ms | ActiveRecord: 0.2ms)


Started GET "/" for 127.0.0.1 at 2018-07-29 15:17:52 -0400
Processing by TareasController#index as HTML
  Rendering tareas/index.html.erb within layouts/application
  [1m[36mTarea Load (0.2ms)[0m  [1m[34mSELECT "tareas".* FROM "tareas"[0m
  ↳ app/views/tareas/index.html.erb:5
  Rendered tareas/index.html.erb within layouts/application (1.9ms)
Completed 200 OK in 21ms (Views: 19.8ms | ActiveRecord: 0.2ms)


Started GET "/" for 127.0.0.1 at 2018-07-29 15:17:52 -0400
Processing by TareasController#index as HTML
  Rendering tareas/index.html.erb within layouts/application
  [1m[36mTarea Load (0.3ms)[0m  [1m[34mSELECT "tareas".* FROM "tareas"[0m
  ↳ app/views/tareas/index.html.erb:5
  Rendered tareas/index.html.erb within layouts/application (2.2ms)
Completed 200 OK in 18ms (Views: 16.8ms | ActiveRecord: 0.3ms)


Started GET "/" for 127.0.0.1 at 2018-07-29 15:17:53 -0400
Processing by TareasController#index as HTML
  Rendering tareas/index.html.erb within layouts/application
  [1m[36mTarea Load (0.4ms)[0m  [1m[34mSELECT "tareas".* FROM "tareas"[0m
  ↳ app/views/tareas/index.html.erb:5
  Rendered tareas/index.html.erb within layouts/application (3.6ms)
Completed 200 OK in 23ms (Views: 21.2ms | ActiveRecord: 0.4ms)


Started GET "/" for 127.0.0.1 at 2018-07-29 15:17:54 -0400
Processing by TareasController#index as HTML
  Rendering tareas/index.html.erb within layouts/application
  [1m[36mTarea Load (0.4ms)[0m  [1m[34mSELECT "tareas".* FROM "tareas"[0m
  ↳ app/views/tareas/index.html.erb:5
  Rendered tareas/index.html.erb within layouts/application (3.6ms)
Completed 200 OK in 28ms (Views: 26.0ms | ActiveRecord: 0.4ms)


Started GET "/" for 127.0.0.1 at 2018-07-29 15:17:54 -0400
Processing by TareasController#index as HTML
  Rendering tareas/index.html.erb within layouts/application
  [1m[36mTarea Load (0.3ms)[0m  [1m[34mSELECT "tareas".* FROM "tareas"[0m
  ↳ app/views/tareas/index.html.erb:5
  Rendered tareas/index.html.erb within layouts/application (2.3ms)
Completed 200 OK in 27ms (Views: 24.7ms | ActiveRecord: 0.3ms)


Started GET "/" for 127.0.0.1 at 2018-07-29 15:17:55 -0400
Processing by TareasController#index as HTML
  Rendering tareas/index.html.erb within layouts/application
  [1m[36mTarea Load (0.5ms)[0m  [1m[34mSELECT "tareas".* FROM "tareas"[0m
  ↳ app/views/tareas/index.html.erb:5
  Rendered tareas/index.html.erb within layouts/application (4.3ms)
Completed 200 OK in 24ms (Views: 21.3ms | ActiveRecord: 0.5ms)


Started GET "/" for 127.0.0.1 at 2018-07-29 15:17:55 -0400
Processing by TareasController#index as HTML
  Rendering tareas/index.html.erb within layouts/application
  [1m[36mTarea Load (0.3ms)[0m  [1m[34mSELECT "tareas".* FROM "tareas"[0m
  ↳ app/views/tareas/index.html.erb:5
  Rendered tareas/index.html.erb within layouts/application (2.7ms)
Completed 200 OK in 22ms (Views: 20.0ms | ActiveRecord: 0.3ms)


Started GET "/" for 127.0.0.1 at 2018-07-29 15:17:56 -0400
Processing by TareasController#index as HTML
  Rendering tareas/index.html.erb within layouts/application
  [1m[36mTarea Load (0.2ms)[0m  [1m[34mSELECT "tareas".* FROM "tareas"[0m
  ↳ app/views/tareas/index.html.erb:5
  Rendered tareas/index.html.erb within layouts/application (1.9ms)
Completed 200 OK in 20ms (Views: 18.3ms | ActiveRecord: 0.2ms)


Started GET "/" for 127.0.0.1 at 2018-07-29 15:17:56 -0400
Processing by TareasController#index as HTML
  Rendering tareas/index.html.erb within layouts/application
  [1m[36mTarea Load (0.2ms)[0m  [1m[34mSELECT "tareas".* FROM "tareas"[0m
  ↳ app/views/tareas/index.html.erb:5
  Rendered tareas/index.html.erb within layouts/application (1.9ms)
Completed 200 OK in 22ms (Views: 19.3ms | ActiveRecord: 0.2ms)


Started GET "/" for 127.0.0.1 at 2018-07-29 15:17:57 -0400
Processing by TareasController#index as HTML
  Rendering tareas/index.html.erb within layouts/application
  [1m[36mTarea Load (0.3ms)[0m  [1m[34mSELECT "tareas".* FROM "tareas"[0m
  ↳ app/views/tareas/index.html.erb:5
  Rendered tareas/index.html.erb within layouts/application (2.4ms)
Completed 200 OK in 22ms (Views: 20.0ms | ActiveRecord: 0.3ms)


Started GET "/" for 127.0.0.1 at 2018-07-29 15:17:57 -0400
Processing by TareasController#index as HTML
  Rendering tareas/index.html.erb within layouts/application
  [1m[36mTarea Load (0.5ms)[0m  [1m[34mSELECT "tareas".* FROM "tareas"[0m
  ↳ app/views/tareas/index.html.erb:5
  Rendered tareas/index.html.erb within layouts/application (4.4ms)
Completed 200 OK in 27ms (Views: 24.6ms | ActiveRecord: 0.5ms)


Started GET "/" for 127.0.0.1 at 2018-07-29 15:19:37 -0400
Processing by TareasController#index as HTML
  Rendering tareas/index.html.erb within layouts/application
  [1m[36mTarea Load (0.2ms)[0m  [1m[34mSELECT "tareas".* FROM "tareas"[0m
  ↳ app/views/tareas/index.html.erb:5
  Rendered tareas/index.html.erb within layouts/application (2.4ms)
Completed 200 OK in 22ms (Views: 20.1ms | ActiveRecord: 0.2ms)


Started GET "/" for 127.0.0.1 at 2018-07-29 15:19:39 -0400
Processing by TareasController#index as HTML
  Rendering tareas/index.html.erb within layouts/application
  [1m[36mTarea Load (0.2ms)[0m  [1m[34mSELECT "tareas".* FROM "tareas"[0m
  ↳ app/views/tareas/index.html.erb:5
  Rendered tareas/index.html.erb within layouts/application (2.1ms)
Completed 200 OK in 24ms (Views: 23.2ms | ActiveRecord: 0.2ms)


Started GET "/" for 127.0.0.1 at 2018-07-29 15:19:42 -0400
Processing by TareasController#index as HTML
  Rendering tareas/index.html.erb within layouts/application
  [1m[36mTarea Load (0.3ms)[0m  [1m[34mSELECT "tareas".* FROM "tareas"[0m
  ↳ app/views/tareas/index.html.erb:5
  Rendered tareas/index.html.erb within layouts/application (2.3ms)
Completed 200 OK in 22ms (Views: 20.4ms | ActiveRecord: 0.3ms)


Started GET "/" for 127.0.0.1 at 2018-07-29 15:19:43 -0400
Processing by TareasController#index as HTML
  Rendering tareas/index.html.erb within layouts/application
  [1m[36mTarea Load (0.4ms)[0m  [1m[34mSELECT "tareas".* FROM "tareas"[0m
  ↳ app/views/tareas/index.html.erb:5
  Rendered tareas/index.html.erb within layouts/application (2.9ms)
Completed 200 OK in 21ms (Views: 19.4ms | ActiveRecord: 0.4ms)


Started GET "/" for 127.0.0.1 at 2018-07-29 15:33:06 -0400
  [1m[35m (0.1ms)[0m  [1m[34mSELECT "schema_migrations"."version" FROM "schema_migrations" ORDER BY "schema_migrations"."version" ASC[0m
  ↳ /home/carol/.rvm/gems/ruby-2.4.1/gems/activerecord-5.2.0/lib/active_record/log_subscriber.rb:98
Processing by TareasController#index as HTML
  Rendering tareas/index.html.erb within layouts/application
  [1m[36mTarea Load (12.7ms)[0m  [1m[34mSELECT "tareas".* FROM "tareas"[0m
  ↳ app/views/tareas/index.html.erb:5
  Rendered tareas/index.html.erb within layouts/application (37.9ms)
Completed 200 OK in 343ms (Views: 302.7ms | ActiveRecord: 13.3ms)


Started GET "/" for 127.0.0.1 at 2018-07-29 15:34:11 -0400
Processing by TareasController#index as HTML
  Rendering tareas/index.html.erb within layouts/application
  [1m[36mTarea Load (0.2ms)[0m  [1m[34mSELECT "tareas".* FROM "tareas"[0m
  ↳ app/views/tareas/index.html.erb:5
  Rendered tareas/index.html.erb within layouts/application (2.1ms)
Completed 200 OK in 20ms (Views: 18.7ms | ActiveRecord: 0.2ms)


Started GET "/" for 127.0.0.1 at 2018-07-29 15:34:36 -0400
Processing by TareasController#index as HTML
  Rendering tareas/index.html.erb within layouts/application
  [1m[36mTarea Load (0.2ms)[0m  [1m[34mSELECT "tareas".* FROM "tareas"[0m
  ↳ app/views/tareas/index.html.erb:5
  Rendered tareas/index.html.erb within layouts/application (2.2ms)
Completed 200 OK in 17ms (Views: 16.0ms | ActiveRecord: 0.2ms)


Started GET "/" for 127.0.0.1 at 2018-07-29 15:49:30 -0400
Processing by TareasController#index as HTML
  Rendering tareas/index.html.erb within layouts/application
  [1m[36mTarea Load (0.4ms)[0m  [1m[34mSELECT "tareas".* FROM "tareas"[0m
  ↳ app/views/tareas/index.html.erb:5
  Rendered tareas/index.html.erb within layouts/application (3.4ms)
Completed 200 OK in 20ms (Views: 18.2ms | ActiveRecord: 0.4ms)


Started GET "/" for 127.0.0.1 at 2018-07-29 15:54:40 -0400
Processing by TareasController#index as HTML
  Rendering tareas/index.html.erb within layouts/application
  [1m[36mTarea Load (0.4ms)[0m  [1m[34mSELECT "tareas".* FROM "tareas"[0m
  ↳ app/views/tareas/index.html.erb:5
  Rendered tareas/index.html.erb within layouts/application (3.0ms)
Completed 200 OK in 21ms (Views: 19.5ms | ActiveRecord: 0.4ms)


Started GET "/" for 127.0.0.1 at 2018-07-29 15:55:36 -0400
Processing by TareasController#index as HTML
  Rendering tareas/index.html.erb within layouts/application
  [1m[36mTarea Load (0.2ms)[0m  [1m[34mSELECT "tareas".* FROM "tareas"[0m
  ↳ app/views/tareas/index.html.erb:5
  Rendered tareas/index.html.erb within layouts/application (1.6ms)
Completed 200 OK in 36ms (Views: 15.4ms | ActiveRecord: 0.2ms)


Started GET "/" for 127.0.0.1 at 2018-07-29 15:56:43 -0400
Processing by TareasController#index as HTML
  Rendering tareas/index.html.erb within layouts/application
  [1m[36mTarea Load (0.2ms)[0m  [1m[34mSELECT "tareas".* FROM "tareas"[0m
  ↳ app/views/tareas/index.html.erb:5
  Rendered tareas/index.html.erb within layouts/application (2.3ms)
Completed 200 OK in 18ms (Views: 17.0ms | ActiveRecord: 0.2ms)


Started GET "/" for 127.0.0.1 at 2018-07-29 15:57:05 -0400
Processing by TareasController#index as HTML
  Rendering tareas/index.html.erb within layouts/application
  [1m[36mTarea Load (0.4ms)[0m  [1m[34mSELECT "tareas".* FROM "tareas"[0m
  ↳ app/views/tareas/index.html.erb:5
  Rendered tareas/index.html.erb within layouts/application (3.7ms)
Completed 200 OK in 23ms (Views: 20.3ms | ActiveRecord: 0.4ms)


Started GET "/" for 127.0.0.1 at 2018-07-29 15:57:09 -0400
Processing by TareasController#index as HTML
  Rendering tareas/index.html.erb within layouts/application
  [1m[36mTarea Load (0.4ms)[0m  [1m[34mSELECT "tareas".* FROM "tareas"[0m
  ↳ app/views/tareas/index.html.erb:5
  Rendered tareas/index.html.erb within layouts/application (3.5ms)
Completed 200 OK in 24ms (Views: 21.5ms | ActiveRecord: 0.4ms)


Started GET "/" for 127.0.0.1 at 2018-07-29 15:57:09 -0400
Processing by TareasController#index as HTML
  Rendering tareas/index.html.erb within layouts/application
  [1m[36mTarea Load (0.2ms)[0m  [1m[34mSELECT "tareas".* FROM "tareas"[0m
  ↳ app/views/tareas/index.html.erb:5
  Rendered tareas/index.html.erb within layouts/application (2.8ms)
Completed 200 OK in 31ms (Views: 27.9ms | ActiveRecord: 0.2ms)


Started GET "/" for 127.0.0.1 at 2018-07-29 15:57:10 -0400
Processing by TareasController#index as HTML
  Rendering tareas/index.html.erb within layouts/application
  [1m[36mTarea Load (0.2ms)[0m  [1m[34mSELECT "tareas".* FROM "tareas"[0m
  ↳ app/views/tareas/index.html.erb:5
  Rendered tareas/index.html.erb within layouts/application (2.4ms)
Completed 200 OK in 24ms (Views: 22.3ms | ActiveRecord: 0.2ms)


Started GET "/" for 127.0.0.1 at 2018-07-29 15:59:52 -0400
  [1m[35m (0.2ms)[0m  [1m[34mSELECT "schema_migrations"."version" FROM "schema_migrations" ORDER BY "schema_migrations"."version" ASC[0m
  ↳ /home/carol/.rvm/gems/ruby-2.4.1/gems/activerecord-5.2.0/lib/active_record/log_subscriber.rb:98
Processing by TareasController#index as HTML
  Rendering tareas/index.html.erb within layouts/application
  [1m[36mTarea Load (0.2ms)[0m  [1m[34mSELECT "tareas".* FROM "tareas"[0m
  ↳ app/views/tareas/index.html.erb:5
  Rendered tareas/index.html.erb within layouts/application (13.4ms)
Completed 200 OK in 196ms (Views: 188.5ms | ActiveRecord: 0.7ms)


  [1m[35m (0.1ms)[0m  [1m[34mSELECT "schema_migrations"."version" FROM "schema_migrations" ORDER BY "schema_migrations"."version" ASC[0m
  ↳ bin/rails:9
  [1m[36mActiveRecord::InternalMetadata Load (24.0ms)[0m  [1m[34mSELECT  "ar_internal_metadata".* FROM "ar_internal_metadata" WHERE "ar_internal_metadata"."key" = ? LIMIT ?[0m  [["key", "environment"], ["LIMIT", 1]]
  ↳ bin/rails:9
  [1m[35m (0.0ms)[0m  [1m[36mbegin transaction[0m
  ↳ bin/rails:9
  [1m[35m (0.0ms)[0m  [1m[36mcommit transaction[0m
  ↳ bin/rails:9
  [1m[35m (0.1ms)[0m  [1m[34mSELECT "schema_migrations"."version" FROM "schema_migrations" ORDER BY "schema_migrations"."version" ASC[0m
  ↳ bin/rails:9
Started GET "/" for 127.0.0.1 at 2018-07-29 16:00:25 -0400
Processing by TareasController#index as HTML
  Rendering tareas/index.html.erb within layouts/application
  [1m[36mTarea Load (0.2ms)[0m  [1m[34mSELECT "tareas".* FROM "tareas"[0m
  ↳ app/views/tareas/index.html.erb:5
  Rendered tareas/index.html.erb within layouts/application (7.4ms)
Completed 200 OK in 23ms (Views: 20.3ms | ActiveRecord: 0.8ms)


Started GET "/" for 127.0.0.1 at 2018-07-29 16:00:26 -0400
Processing by TareasController#index as HTML
  Rendering tareas/index.html.erb within layouts/application
  [1m[36mTarea Load (0.3ms)[0m  [1m[34mSELECT "tareas".* FROM "tareas"[0m
  ↳ app/views/tareas/index.html.erb:5
  Rendered tareas/index.html.erb within layouts/application (2.9ms)
Completed 200 OK in 20ms (Views: 18.5ms | ActiveRecord: 0.3ms)


Started GET "/" for 127.0.0.1 at 2018-07-29 16:00:27 -0400
Processing by TareasController#index as HTML
  Rendering tareas/index.html.erb within layouts/application
  [1m[36mTarea Load (0.5ms)[0m  [1m[34mSELECT "tareas".* FROM "tareas"[0m
  ↳ app/views/tareas/index.html.erb:5
  Rendered tareas/index.html.erb within layouts/application (3.6ms)
Completed 200 OK in 35ms (Views: 32.9ms | ActiveRecord: 0.5ms)


Started GET "/" for 127.0.0.1 at 2018-07-29 16:00:28 -0400
Processing by TareasController#index as HTML
  Rendering tareas/index.html.erb within layouts/application
  [1m[36mTarea Load (0.4ms)[0m  [1m[34mSELECT "tareas".* FROM "tareas"[0m
  ↳ app/views/tareas/index.html.erb:5
  Rendered tareas/index.html.erb within layouts/application (3.1ms)
Completed 200 OK in 21ms (Views: 18.7ms | ActiveRecord: 0.4ms)


Started GET "/" for 127.0.0.1 at 2018-07-29 16:00:28 -0400
Processing by TareasController#index as HTML
  Rendering tareas/index.html.erb within layouts/application
  [1m[36mTarea Load (0.2ms)[0m  [1m[34mSELECT "tareas".* FROM "tareas"[0m
  ↳ app/views/tareas/index.html.erb:5
  Rendered tareas/index.html.erb within layouts/application (2.3ms)
Completed 200 OK in 21ms (Views: 18.9ms | ActiveRecord: 0.2ms)


Started GET "/" for 127.0.0.1 at 2018-07-29 16:00:29 -0400
Processing by TareasController#index as HTML
  Rendering tareas/index.html.erb within layouts/application
  [1m[36mTarea Load (0.5ms)[0m  [1m[34mSELECT "tareas".* FROM "tareas"[0m
  ↳ app/views/tareas/index.html.erb:5
  Rendered tareas/index.html.erb within layouts/application (3.2ms)
Completed 200 OK in 22ms (Views: 19.4ms | ActiveRecord: 0.5ms)


Started GET "/" for 127.0.0.1 at 2018-07-29 16:00:29 -0400
Processing by TareasController#index as HTML
  Rendering tareas/index.html.erb within layouts/application
  [1m[36mTarea Load (0.3ms)[0m  [1m[34mSELECT "tareas".* FROM "tareas"[0m
  ↳ app/views/tareas/index.html.erb:5
  Rendered tareas/index.html.erb within layouts/application (2.8ms)
Completed 200 OK in 21ms (Views: 19.1ms | ActiveRecord: 0.3ms)


Started GET "/" for 127.0.0.1 at 2018-07-29 16:00:30 -0400
Processing by TareasController#index as HTML
  Rendering tareas/index.html.erb within layouts/application
  [1m[36mTarea Load (0.3ms)[0m  [1m[34mSELECT "tareas".* FROM "tareas"[0m
  ↳ app/views/tareas/index.html.erb:5
  Rendered tareas/index.html.erb within layouts/application (2.2ms)
Completed 200 OK in 20ms (Views: 18.5ms | ActiveRecord: 0.3ms)


Started GET "/" for 127.0.0.1 at 2018-07-29 16:00:30 -0400
Processing by TareasController#index as HTML
  Rendering tareas/index.html.erb within layouts/application
  [1m[36mTarea Load (0.5ms)[0m  [1m[34mSELECT "tareas".* FROM "tareas"[0m
  ↳ app/views/tareas/index.html.erb:5
  Rendered tareas/index.html.erb within layouts/application (4.1ms)
Completed 200 OK in 23ms (Views: 20.9ms | ActiveRecord: 0.5ms)


Started GET "/" for 127.0.0.1 at 2018-07-29 16:00:30 -0400
Processing by TareasController#index as HTML
  Rendering tareas/index.html.erb within layouts/application
  [1m[36mTarea Load (0.4ms)[0m  [1m[34mSELECT "tareas".* FROM "tareas"[0m
  ↳ app/views/tareas/index.html.erb:5
  Rendered tareas/index.html.erb within layouts/application (3.0ms)
Completed 200 OK in 22ms (Views: 19.5ms | ActiveRecord: 0.4ms)


Started GET "/" for 127.0.0.1 at 2018-07-29 16:00:31 -0400
Processing by TareasController#index as HTML
  Rendering tareas/index.html.erb within layouts/application
  [1m[36mTarea Load (0.3ms)[0m  [1m[34mSELECT "tareas".* FROM "tareas"[0m
  ↳ app/views/tareas/index.html.erb:5
  Rendered tareas/index.html.erb within layouts/application (2.3ms)
Completed 200 OK in 21ms (Views: 19.0ms | ActiveRecord: 0.3ms)


Started GET "/" for 127.0.0.1 at 2018-07-29 16:00:31 -0400
Processing by TareasController#index as HTML
  Rendering tareas/index.html.erb within layouts/application
  [1m[36mTarea Load (0.2ms)[0m  [1m[34mSELECT "tareas".* FROM "tareas"[0m
  ↳ app/views/tareas/index.html.erb:5
  Rendered tareas/index.html.erb within layouts/application (1.9ms)
Completed 200 OK in 24ms (Views: 21.4ms | ActiveRecord: 0.2ms)


Started GET "/" for 127.0.0.1 at 2018-07-29 16:03:43 -0400
Processing by TareasController#index as HTML
  Rendering tareas/index.html.erb within layouts/application
  [1m[36mTarea Load (0.3ms)[0m  [1m[34mSELECT "tareas".* FROM "tareas"[0m
  ↳ app/views/tareas/index.html.erb:5
  Rendered tareas/index.html.erb within layouts/application (3.0ms)
Completed 200 OK in 22ms (Views: 19.7ms | ActiveRecord: 0.3ms)


Started GET "/" for 127.0.0.1 at 2018-07-29 16:03:47 -0400
Processing by TareasController#index as HTML
  Rendering tareas/index.html.erb within layouts/application
  [1m[36mTarea Load (0.4ms)[0m  [1m[34mSELECT "tareas".* FROM "tareas"[0m
  ↳ app/views/tareas/index.html.erb:5
  Rendered tareas/index.html.erb within layouts/application (2.9ms)
Completed 200 OK in 22ms (Views: 19.8ms | ActiveRecord: 0.4ms)


Started GET "/" for 127.0.0.1 at 2018-07-29 16:03:49 -0400
Processing by TareasController#index as HTML
  Rendering tareas/index.html.erb within layouts/application
  [1m[36mTarea Load (0.2ms)[0m  [1m[34mSELECT "tareas".* FROM "tareas"[0m
  ↳ app/views/tareas/index.html.erb:5
  Rendered tareas/index.html.erb within layouts/application (1.9ms)
Completed 200 OK in 16ms (Views: 14.7ms | ActiveRecord: 0.2ms)


Started GET "/" for 127.0.0.1 at 2018-07-29 16:03:50 -0400
Processing by TareasController#index as HTML
  Rendering tareas/index.html.erb within layouts/application
  [1m[36mTarea Load (0.3ms)[0m  [1m[34mSELECT "tareas".* FROM "tareas"[0m
  ↳ app/views/tareas/index.html.erb:5
  Rendered tareas/index.html.erb within layouts/application (2.9ms)
Completed 200 OK in 20ms (Views: 17.8ms | ActiveRecord: 0.3ms)


Started GET "/" for 127.0.0.1 at 2018-07-29 16:07:02 -0400
Processing by TareasController#index as HTML
  Rendering tareas/index.html.erb within layouts/application
  [1m[36mTarea Load (0.3ms)[0m  [1m[34mSELECT "tareas".* FROM "tareas"[0m
  ↳ app/views/tareas/index.html.erb:5
  Rendered tareas/index.html.erb within layouts/application (2.4ms)
Completed 200 OK in 21ms (Views: 19.0ms | ActiveRecord: 0.3ms)


Started GET "/" for 127.0.0.1 at 2018-07-29 16:10:01 -0400
Processing by TareasController#index as HTML
  Rendering tareas/index.html.erb within layouts/application
  [1m[36mTarea Load (0.4ms)[0m  [1m[34mSELECT "tareas".* FROM "tareas"[0m
  ↳ app/views/tareas/index.html.erb:5
  Rendered tareas/index.html.erb within layouts/application (3.0ms)
Completed 200 OK in 20ms (Views: 18.0ms | ActiveRecord: 0.4ms)


Started GET "/" for 127.0.0.1 at 2018-07-29 16:16:55 -0400
Processing by TareasController#index as HTML
  Rendering tareas/index.html.erb within layouts/application
  [1m[36mTarea Load (0.5ms)[0m  [1m[34mSELECT "tareas".* FROM "tareas"[0m
  ↳ app/views/tareas/index.html.erb:5
  Rendered tareas/index.html.erb within layouts/application (4.3ms)
  Rendered layouts/_navbar.html.erb (0.3ms)
Completed 200 OK in 24ms (Views: 22.3ms | ActiveRecord: 0.5ms)


Started GET "/" for 127.0.0.1 at 2018-07-29 16:18:55 -0400
Processing by TareasController#index as HTML
  Rendering tareas/index.html.erb within layouts/application
  [1m[36mTarea Load (0.3ms)[0m  [1m[34mSELECT "tareas".* FROM "tareas"[0m
  ↳ app/views/tareas/index.html.erb:5
  Rendered tareas/index.html.erb within layouts/application (3.7ms)
  Rendered layouts/_navbar.html.erb (0.4ms)
Completed 200 OK in 29ms (Views: 26.9ms | ActiveRecord: 0.3ms)


Started GET "/" for 127.0.0.1 at 2018-07-29 16:20:00 -0400
Processing by TareasController#index as HTML
  Rendering tareas/index.html.erb within layouts/application
  [1m[36mTarea Load (0.3ms)[0m  [1m[34mSELECT "tareas".* FROM "tareas"[0m
  ↳ app/views/tareas/index.html.erb:5
  Rendered tareas/index.html.erb within layouts/application (2.5ms)
  Rendered layouts/_navbar.html.erb (0.4ms)
Completed 200 OK in 22ms (Views: 19.6ms | ActiveRecord: 0.3ms)


Started GET "/" for 127.0.0.1 at 2018-07-29 16:26:21 -0400
Processing by TareasController#index as HTML
  Rendering tareas/index.html.erb within layouts/application
  [1m[36mTarea Load (0.3ms)[0m  [1m[34mSELECT "tareas".* FROM "tareas"[0m
  ↳ app/views/tareas/index.html.erb:6
  Rendered tareas/index.html.erb within layouts/application (3.0ms)
  Rendered layouts/_navbar.html.erb (0.3ms)
Completed 200 OK in 23ms (Views: 20.7ms | ActiveRecord: 0.3ms)


Started GET "/" for 127.0.0.1 at 2018-07-29 17:02:32 -0400
Processing by TareasController#index as HTML
  Rendering tareas/index.html.erb within layouts/application
  [1m[36mTarea Load (0.4ms)[0m  [1m[34mSELECT "tareas".* FROM "tareas"[0m
  ↳ app/views/tareas/index.html.erb:6
  Rendered tareas/index.html.erb within layouts/application (3.2ms)
  Rendered layouts/_navbar.html.erb (0.4ms)
Completed 200 OK in 20ms (Views: 18.4ms | ActiveRecord: 0.4ms)


Started GET "/" for 127.0.0.1 at 2018-07-29 17:03:14 -0400
Processing by TareasController#index as HTML
  Rendering tareas/index.html.erb within layouts/application
  [1m[36mTarea Load (0.4ms)[0m  [1m[34mSELECT "tareas".* FROM "tareas"[0m
  ↳ app/views/tareas/index.html.erb:6
  Rendered tareas/index.html.erb within layouts/application (3.5ms)
  Rendered layouts/_navbar.html.erb (0.3ms)
Completed 200 OK in 23ms (Views: 20.0ms | ActiveRecord: 0.4ms)


Started GET "/" for 127.0.0.1 at 2018-07-29 17:03:18 -0400
Processing by TareasController#index as HTML
  Rendering tareas/index.html.erb within layouts/application
  [1m[36mTarea Load (0.4ms)[0m  [1m[34mSELECT "tareas".* FROM "tareas"[0m
  ↳ app/views/tareas/index.html.erb:6
  Rendered tareas/index.html.erb within layouts/application (3.9ms)
  Rendered layouts/_navbar.html.erb (0.4ms)
Completed 200 OK in 23ms (Views: 20.8ms | ActiveRecord: 0.4ms)


Started GET "/" for 127.0.0.1 at 2018-07-29 17:06:07 -0400
Processing by TareasController#index as HTML
  Rendering tareas/index.html.erb within layouts/application
  [1m[36mTarea Load (0.4ms)[0m  [1m[34mSELECT "tareas".* FROM "tareas"[0m
  ↳ app/views/tareas/index.html.erb:6
  Rendered tareas/index.html.erb within layouts/application (3.5ms)
  Rendered layouts/_navbar.html.erb (0.4ms)
Completed 200 OK in 22ms (Views: 20.0ms | ActiveRecord: 0.4ms)


Started GET "/" for 127.0.0.1 at 2018-07-29 17:06:10 -0400
Processing by TareasController#index as HTML
  Rendering tareas/index.html.erb within layouts/application
  [1m[36mTarea Load (0.3ms)[0m  [1m[34mSELECT "tareas".* FROM "tareas"[0m
  ↳ app/views/tareas/index.html.erb:6
  Rendered tareas/index.html.erb within layouts/application (2.9ms)
  Rendered layouts/_navbar.html.erb (0.3ms)
Completed 200 OK in 23ms (Views: 20.6ms | ActiveRecord: 0.3ms)


Started GET "/" for 127.0.0.1 at 2018-07-29 17:06:12 -0400
Processing by TareasController#index as HTML
  Rendering tareas/index.html.erb within layouts/application
  [1m[36mTarea Load (0.2ms)[0m  [1m[34mSELECT "tareas".* FROM "tareas"[0m
  ↳ app/views/tareas/index.html.erb:6
  Rendered tareas/index.html.erb within layouts/application (1.9ms)
  Rendered layouts/_navbar.html.erb (0.4ms)
Completed 200 OK in 23ms (Views: 21.2ms | ActiveRecord: 0.2ms)


Started GET "/" for 127.0.0.1 at 2018-07-29 17:06:13 -0400
Processing by TareasController#index as HTML
  Rendering tareas/index.html.erb within layouts/application
  [1m[36mTarea Load (0.3ms)[0m  [1m[34mSELECT "tareas".* FROM "tareas"[0m
  ↳ app/views/tareas/index.html.erb:6
  Rendered tareas/index.html.erb within layouts/application (2.7ms)
  Rendered layouts/_navbar.html.erb (0.4ms)
Completed 200 OK in 22ms (Views: 19.6ms | ActiveRecord: 0.3ms)


Started GET "/" for 127.0.0.1 at 2018-07-29 17:06:13 -0400
Processing by TareasController#index as HTML
  Rendering tareas/index.html.erb within layouts/application
  [1m[36mTarea Load (0.7ms)[0m  [1m[34mSELECT "tareas".* FROM "tareas"[0m
  ↳ app/views/tareas/index.html.erb:6
  Rendered tareas/index.html.erb within layouts/application (4.8ms)
  Rendered layouts/_navbar.html.erb (0.3ms)
Completed 200 OK in 22ms (Views: 20.0ms | ActiveRecord: 0.7ms)


Started GET "/" for 127.0.0.1 at 2018-07-29 17:06:14 -0400
Processing by TareasController#index as HTML
  Rendering tareas/index.html.erb within layouts/application
  [1m[36mTarea Load (0.4ms)[0m  [1m[34mSELECT "tareas".* FROM "tareas"[0m
  ↳ app/views/tareas/index.html.erb:6
  Rendered tareas/index.html.erb within layouts/application (3.0ms)
  Rendered layouts/_navbar.html.erb (0.3ms)
Completed 200 OK in 20ms (Views: 17.7ms | ActiveRecord: 0.4ms)


  [1m[35m (0.1ms)[0m  [1m[34mSELECT "schema_migrations"."version" FROM "schema_migrations" ORDER BY "schema_migrations"."version" ASC[0m
  ↳ bin/rails:9
  [1m[36mActiveRecord::InternalMetadata Load (0.1ms)[0m  [1m[34mSELECT  "ar_internal_metadata".* FROM "ar_internal_metadata" WHERE "ar_internal_metadata"."key" = ? LIMIT ?[0m  [["key", "environment"], ["LIMIT", 1]]
  ↳ bin/rails:9
  [1m[35m (0.0ms)[0m  [1m[36mbegin transaction[0m
  ↳ bin/rails:9
  [1m[35m (0.0ms)[0m  [1m[36mcommit transaction[0m
  ↳ bin/rails:9
  [1m[35m (0.1ms)[0m  [1m[34mSELECT "schema_migrations"."version" FROM "schema_migrations" ORDER BY "schema_migrations"."version" ASC[0m
  ↳ bin/rails:9
Started GET "/" for 127.0.0.1 at 2018-07-29 17:07:10 -0400
Processing by TareasController#index as HTML
  Rendering tareas/index.html.erb within layouts/application
  [1m[36mTarea Load (0.3ms)[0m  [1m[34mSELECT "tareas".* FROM "tareas"[0m
  ↳ app/views/tareas/index.html.erb:6
  Rendered tareas/index.html.erb within layouts/application (9.2ms)
  Rendered layouts/_navbar.html.erb (0.5ms)
Completed 200 OK in 27ms (Views: 24.2ms | ActiveRecord: 1.0ms)


Started GET "/" for 127.0.0.1 at 2018-07-29 17:07:11 -0400
Processing by TareasController#index as HTML
  Rendering tareas/index.html.erb within layouts/application
  [1m[36mTarea Load (0.4ms)[0m  [1m[34mSELECT "tareas".* FROM "tareas"[0m
  ↳ app/views/tareas/index.html.erb:6
  Rendered tareas/index.html.erb within layouts/application (3.2ms)
  Rendered layouts/_navbar.html.erb (0.3ms)
Completed 200 OK in 24ms (Views: 22.1ms | ActiveRecord: 0.4ms)


Started GET "/" for 127.0.0.1 at 2018-07-29 17:07:12 -0400
Processing by TareasController#index as HTML
  Rendering tareas/index.html.erb within layouts/application
  [1m[36mTarea Load (0.3ms)[0m  [1m[34mSELECT "tareas".* FROM "tareas"[0m
  ↳ app/views/tareas/index.html.erb:6
  Rendered tareas/index.html.erb within layouts/application (2.4ms)
  Rendered layouts/_navbar.html.erb (0.8ms)
Completed 200 OK in 29ms (Views: 26.5ms | ActiveRecord: 0.3ms)


  [1m[35m (0.1ms)[0m  [1m[34mSELECT "schema_migrations"."version" FROM "schema_migrations" ORDER BY "schema_migrations"."version" ASC[0m
  ↳ bin/rails:9
  [1m[36mActiveRecord::InternalMetadata Load (0.1ms)[0m  [1m[34mSELECT  "ar_internal_metadata".* FROM "ar_internal_metadata" WHERE "ar_internal_metadata"."key" = ? LIMIT ?[0m  [["key", "environment"], ["LIMIT", 1]]
  ↳ bin/rails:9
  [1m[35m (0.1ms)[0m  [1m[36mbegin transaction[0m
  ↳ bin/rails:9
  [1m[35m (0.0ms)[0m  [1m[36mcommit transaction[0m
  ↳ bin/rails:9
  [1m[35m (0.1ms)[0m  [1m[34mSELECT "schema_migrations"."version" FROM "schema_migrations" ORDER BY "schema_migrations"."version" ASC[0m
  ↳ bin/rails:9
Started GET "/" for 127.0.0.1 at 2018-07-29 17:12:49 -0400
Processing by TareasController#index as HTML
  Rendering tareas/index.html.erb within layouts/application
  [1m[36mTarea Load (0.2ms)[0m  [1m[34mSELECT "tareas".* FROM "tareas"[0m
  ↳ app/views/tareas/index.html.erb:6
  Rendered tareas/index.html.erb within layouts/application (7.1ms)
  Rendered layouts/_navbar.html.erb (0.3ms)
Completed 200 OK in 24ms (Views: 21.4ms | ActiveRecord: 0.8ms)


  [1m[35m (0.2ms)[0m  [1m[34mSELECT "schema_migrations"."version" FROM "schema_migrations" ORDER BY "schema_migrations"."version" ASC[0m
  ↳ /home/carol/.rvm/gems/ruby-2.4.1/bin/rake:23
  [1m[36mActiveRecord::InternalMetadata Load (0.2ms)[0m  [1m[34mSELECT  "ar_internal_metadata".* FROM "ar_internal_metadata" WHERE "ar_internal_metadata"."key" = ? LIMIT ?[0m  [["key", "environment"], ["LIMIT", 1]]
  ↳ /home/carol/.rvm/gems/ruby-2.4.1/bin/rake:23
  [1m[35m (0.0ms)[0m  [1m[36mbegin transaction[0m
  ↳ /home/carol/.rvm/gems/ruby-2.4.1/bin/rake:23
  [1m[35m (0.0ms)[0m  [1m[36mcommit transaction[0m
  ↳ /home/carol/.rvm/gems/ruby-2.4.1/bin/rake:23
  [1m[35m (0.1ms)[0m  [1m[34mSELECT "schema_migrations"."version" FROM "schema_migrations" ORDER BY "schema_migrations"."version" ASC[0m
  ↳ /home/carol/.rvm/gems/ruby-2.4.1/bin/rake:23
Started GET "/" for 127.0.0.1 at 2018-07-29 17:16:15 -0400
  [1m[35m (0.1ms)[0m  [1m[34mSELECT "schema_migrations"."version" FROM "schema_migrations" ORDER BY "schema_migrations"."version" ASC[0m
  ↳ /home/carol/.rvm/gems/ruby-2.4.1/gems/activerecord-5.2.0/lib/active_record/log_subscriber.rb:98
Processing by TareasController#index as HTML
  Rendering tareas/index.html.erb within layouts/application
  [1m[36mTarea Load (0.2ms)[0m  [1m[34mSELECT "tareas".* FROM "tareas"[0m
  ↳ app/views/tareas/index.html.erb:6
  Rendered tareas/index.html.erb within layouts/application (15.0ms)
  Rendered layouts/_navbar.html.erb (0.4ms)
Completed 200 OK in 202ms (Views: 193.7ms | ActiveRecord: 1.3ms)


Started GET "/" for 127.0.0.1 at 2018-07-29 17:16:56 -0400
Processing by TareasController#index as HTML
  Rendering tareas/index.html.erb within layouts/application
  [1m[36mTarea Load (0.2ms)[0m  [1m[34mSELECT "tareas".* FROM "tareas"[0m
  ↳ app/views/tareas/index.html.erb:6
  Rendered tareas/index.html.erb within layouts/application (311.0ms)
Completed 500 Internal Server Error in 314ms (ActiveRecord: 0.2ms)


  
ActionView::Template::Error (undefined local variable or method `tarea' for #<#<Class:0x005586e6785308>:0x007f9230016728>
Did you mean?  tareas
               @tareas):
     6: 	<% @tareas.each do |tareas| %>
     7: 		<div class="col">
     8: 			<%= tareas.name %>
     9: 			<%= image_tag tarea.photo, class: 'img-responsive' %>
    10: 		</div>
    11: 	<% end %>
    12: 	</div>
  
app/views/tareas/index.html.erb:9:in `block in _app_views_tareas_index_html_erb__2743727827386873712_70132923676800'
app/views/tareas/index.html.erb:6:in `_app_views_tareas_index_html_erb__2743727827386873712_70132923676800'
Started GET "/" for 127.0.0.1 at 2018-07-29 17:17:15 -0400
Processing by TareasController#index as HTML
  Rendering tareas/index.html.erb within layouts/application
  [1m[36mTarea Load (0.2ms)[0m  [1m[34mSELECT "tareas".* FROM "tareas"[0m
  ↳ app/views/tareas/index.html.erb:6
  Rendered tareas/index.html.erb within layouts/application (226.0ms)
Completed 500 Internal Server Error in 229ms (ActiveRecord: 0.2ms)


  
ActionView::Template::Error (undefined local variable or method `tarea' for #<#<Class:0x005586e6785308>:0x007f9230566ea8>
Did you mean?  tareas
               @tareas):
     6: 	<% @tareas.each do |tareas| %>
     7: 		<div class="col">
     8: 			<%= tareas.name %>
     9: 			<%= image_tag tarea.photo, class: 'img-responsive' %>
    10: 		</div>
    11: 	<% end %>
    12: 	</div>
  
app/views/tareas/index.html.erb:9:in `block in _app_views_tareas_index_html_erb__2743727827386873712_70132926463280'
app/views/tareas/index.html.erb:6:in `_app_views_tareas_index_html_erb__2743727827386873712_70132926463280'
Started GET "/" for 127.0.0.1 at 2018-07-29 17:17:17 -0400
Processing by TareasController#index as HTML
  Rendering tareas/index.html.erb within layouts/application
  [1m[36mTarea Load (0.6ms)[0m  [1m[34mSELECT "tareas".* FROM "tareas"[0m
  ↳ app/views/tareas/index.html.erb:6
  Rendered tareas/index.html.erb within layouts/application (243.0ms)
Completed 500 Internal Server Error in 248ms (ActiveRecord: 0.6ms)


  
ActionView::Template::Error (undefined local variable or method `tarea' for #<#<Class:0x005586e6785308>:0x007f9230338c80>
Did you mean?  tareas
               @tareas):
     6: 	<% @tareas.each do |tareas| %>
     7: 		<div class="col">
     8: 			<%= tareas.name %>
     9: 			<%= image_tag tarea.photo, class: 'img-responsive' %>
    10: 		</div>
    11: 	<% end %>
    12: 	</div>
  
app/views/tareas/index.html.erb:9:in `block in _app_views_tareas_index_html_erb__2743727827386873712_70132925319980'
app/views/tareas/index.html.erb:6:in `_app_views_tareas_index_html_erb__2743727827386873712_70132925319980'
Started GET "/" for 127.0.0.1 at 2018-07-29 17:17:23 -0400
Processing by TareasController#index as HTML
  Rendering tareas/index.html.erb within layouts/application
  [1m[36mTarea Load (0.2ms)[0m  [1m[34mSELECT "tareas".* FROM "tareas"[0m
  ↳ app/views/tareas/index.html.erb:6
  Rendered tareas/index.html.erb within layouts/application (8.7ms)
  Rendered layouts/_navbar.html.erb (0.3ms)
Completed 200 OK in 26ms (Views: 23.5ms | ActiveRecord: 0.8ms)


Started GET "/" for 127.0.0.1 at 2018-07-29 17:18:52 -0400
Processing by TareasController#index as HTML
  Rendering tareas/index.html.erb within layouts/application
  [1m[36mTarea Load (0.5ms)[0m  [1m[34mSELECT "tareas".* FROM "tareas"[0m
  ↳ app/views/tareas/index.html.erb:6
  Rendered tareas/index.html.erb within layouts/application (3.2ms)
  Rendered layouts/_navbar.html.erb (0.3ms)
Completed 200 OK in 20ms (Views: 18.7ms | ActiveRecord: 0.5ms)


Started GET "/" for 127.0.0.1 at 2018-07-29 17:18:53 -0400
Processing by TareasController#index as HTML
  Rendering tareas/index.html.erb within layouts/application
  [1m[36mTarea Load (0.5ms)[0m  [1m[34mSELECT "tareas".* FROM "tareas"[0m
  ↳ app/views/tareas/index.html.erb:6
  Rendered tareas/index.html.erb within layouts/application (4.6ms)
  Rendered layouts/_navbar.html.erb (0.5ms)
Completed 200 OK in 24ms (Views: 22.0ms | ActiveRecord: 0.5ms)


Started GET "/" for 127.0.0.1 at 2018-07-29 17:22:57 -0400
Processing by TareasController#index as HTML
  Rendering tareas/index.html.erb within layouts/application
  [1m[36mTarea Load (0.2ms)[0m  [1m[34mSELECT "tareas".* FROM "tareas"[0m
  ↳ app/views/tareas/index.html.erb:6
  Rendered tareas/index.html.erb within layouts/application (7.9ms)
  Rendered layouts/_navbar.html.erb (0.4ms)
Completed 200 OK in 26ms (Views: 23.4ms | ActiveRecord: 0.8ms)


Started GET "/" for 127.0.0.1 at 2018-07-29 17:31:09 -0400
Processing by TareasController#index as HTML
  Rendering tareas/index.html.erb within layouts/application
  [1m[35m (0.1ms)[0m  [1m[34mSELECT COUNT(*) FROM "tareas"[0m
  ↳ app/views/tareas/index.html.erb:6
  [1m[36mTarea Load (0.1ms)[0m  [1m[34mSELECT "tareas".* FROM "tareas"[0m
  ↳ app/views/tareas/index.html.erb:6
  Rendered tareas/index.html.erb within layouts/application (8.4ms)
  Rendered layouts/_navbar.html.erb (0.3ms)
Completed 200 OK in 26ms (Views: 23.4ms | ActiveRecord: 0.9ms)


Started GET "/" for 127.0.0.1 at 2018-07-29 17:33:00 -0400
Processing by TareasController#index as HTML
  Rendering tareas/index.html.erb within layouts/application
  [1m[35m (0.2ms)[0m  [1m[34mSELECT COUNT(*) FROM "tareas"[0m
  ↳ app/views/tareas/index.html.erb:6
  [1m[36mTarea Load (0.2ms)[0m  [1m[34mSELECT "tareas".* FROM "tareas"[0m
  ↳ app/views/tareas/index.html.erb:6
  Rendered tareas/index.html.erb within layouts/application (2.8ms)
  Rendered layouts/_navbar.html.erb (0.3ms)
Completed 200 OK in 21ms (Views: 18.9ms | ActiveRecord: 0.4ms)


Started GET "/" for 127.0.0.1 at 2018-07-29 17:45:07 -0400
Processing by TareasController#index as HTML
  Rendering tareas/index.html.erb within layouts/application
  Rendered tareas/index.html.erb within layouts/application (1.1ms)
Completed 500 Internal Server Error in 4ms (ActiveRecord: 0.0ms)


  
SyntaxError (/home/carol/prueba02/app/views/tareas/index.html.erb:6: syntax error, unexpected '>', expecting '|'
	 @tareas.each_slice(4) do |r>ow| 
	                             ^
/home/carol/prueba02/app/views/tareas/index.html.erb:24: syntax error, unexpected keyword_ensure, expecting end-of-input
          ensure
                ^):
  
app/views/tareas/index.html.erb:6: syntax error, unexpected '>', expecting '|'
app/views/tareas/index.html.erb:24: syntax error, unexpected keyword_ensure, expecting end-of-input
Started GET "/" for 127.0.0.1 at 2018-07-29 17:45:23 -0400
Processing by TareasController#index as HTML
  Rendering tareas/index.html.erb within layouts/application
  [1m[35m (0.2ms)[0m  [1m[34mSELECT COUNT(*) FROM "tareas"[0m
  ↳ app/views/tareas/index.html.erb:6
  [1m[36mTarea Load (0.5ms)[0m  [1m[34mSELECT "tareas".* FROM "tareas"[0m
  ↳ app/views/tareas/index.html.erb:6
  Rendered tareas/index.html.erb within layouts/application (4.1ms)
  Rendered layouts/_navbar.html.erb (0.3ms)
Completed 200 OK in 23ms (Views: 20.7ms | ActiveRecord: 0.7ms)


Started GET "/" for 127.0.0.1 at 2018-07-29 17:46:34 -0400
Processing by TareasController#index as HTML
  Rendering tareas/index.html.erb within layouts/application
  [1m[35m (0.2ms)[0m  [1m[34mSELECT COUNT(*) FROM "tareas"[0m
  ↳ app/views/tareas/index.html.erb:6
  [1m[36mTarea Load (0.2ms)[0m  [1m[34mSELECT "tareas".* FROM "tareas"[0m
  ↳ app/views/tareas/index.html.erb:6
  Rendered tareas/index.html.erb within layouts/application (3.0ms)
  Rendered layouts/_navbar.html.erb (0.4ms)
Completed 200 OK in 21ms (Views: 19.2ms | ActiveRecord: 0.4ms)


Started GET "/" for 127.0.0.1 at 2018-07-29 17:51:22 -0400
Processing by TareasController#index as HTML
  Rendering tareas/index.html.erb within layouts/application
  [1m[35m (0.3ms)[0m  [1m[34mSELECT COUNT(*) FROM "tareas"[0m
  ↳ app/views/tareas/index.html.erb:6
  [1m[36mTarea Load (0.3ms)[0m  [1m[34mSELECT "tareas".* FROM "tareas"[0m
  ↳ app/views/tareas/index.html.erb:6
  Rendered tareas/index.html.erb within layouts/application (4.0ms)
  Rendered layouts/_navbar.html.erb (0.4ms)
Completed 200 OK in 23ms (Views: 20.4ms | ActiveRecord: 0.5ms)


Started GET "/" for 127.0.0.1 at 2018-07-29 17:59:16 -0400
Processing by TareasController#index as HTML
  Rendering tareas/index.html.erb within layouts/application
  [1m[35m (0.2ms)[0m  [1m[34mSELECT COUNT(*) FROM "tareas"[0m
  ↳ app/views/tareas/index.html.erb:6
  [1m[36mTarea Load (0.2ms)[0m  [1m[34mSELECT "tareas".* FROM "tareas"[0m
  ↳ app/views/tareas/index.html.erb:6
  Rendered tareas/index.html.erb within layouts/application (3.2ms)
  Rendered layouts/_navbar.html.erb (0.3ms)
Completed 200 OK in 26ms (Views: 24.1ms | ActiveRecord: 0.4ms)


Started GET "/" for 127.0.0.1 at 2018-07-29 18:00:13 -0400
Processing by TareasController#index as HTML
  Rendering tareas/index.html.erb within layouts/application
  [1m[35m (0.1ms)[0m  [1m[34mSELECT COUNT(*) FROM "tareas"[0m
  ↳ app/views/tareas/index.html.erb:6
  [1m[36mTarea Load (0.1ms)[0m  [1m[34mSELECT "tareas".* FROM "tareas"[0m
  ↳ app/views/tareas/index.html.erb:6
  Rendered tareas/index.html.erb within layouts/application (2.2ms)
  Rendered layouts/_navbar.html.erb (0.5ms)
Completed 200 OK in 19ms (Views: 17.6ms | ActiveRecord: 0.3ms)


Started GET "/" for 127.0.0.1 at 2018-07-29 18:00:14 -0400
Processing by TareasController#index as HTML
  Rendering tareas/index.html.erb within layouts/application
  [1m[35m (0.1ms)[0m  [1m[34mSELECT COUNT(*) FROM "tareas"[0m
  ↳ app/views/tareas/index.html.erb:6
  [1m[36mTarea Load (0.1ms)[0m  [1m[34mSELECT "tareas".* FROM "tareas"[0m
  ↳ app/views/tareas/index.html.erb:6
  Rendered tareas/index.html.erb within layouts/application (2.3ms)
  Rendered layouts/_navbar.html.erb (0.4ms)
Completed 200 OK in 19ms (Views: 17.8ms | ActiveRecord: 0.3ms)


Started GET "/" for 127.0.0.1 at 2018-07-29 18:00:15 -0400
Processing by TareasController#index as HTML
  Rendering tareas/index.html.erb within layouts/application
  [1m[35m (0.3ms)[0m  [1m[34mSELECT COUNT(*) FROM "tareas"[0m
  ↳ app/views/tareas/index.html.erb:6
  [1m[36mTarea Load (0.2ms)[0m  [1m[34mSELECT "tareas".* FROM "tareas"[0m
  ↳ app/views/tareas/index.html.erb:6
  Rendered tareas/index.html.erb within layouts/application (3.2ms)
  Rendered layouts/_navbar.html.erb (0.4ms)
Completed 200 OK in 23ms (Views: 20.9ms | ActiveRecord: 0.4ms)


Started GET "/" for 127.0.0.1 at 2018-07-29 18:00:17 -0400
Processing by TareasController#index as HTML
  Rendering tareas/index.html.erb within layouts/application
  [1m[35m (0.3ms)[0m  [1m[34mSELECT COUNT(*) FROM "tareas"[0m
  ↳ app/views/tareas/index.html.erb:6
  [1m[36mTarea Load (0.4ms)[0m  [1m[34mSELECT "tareas".* FROM "tareas"[0m
  ↳ app/views/tareas/index.html.erb:6
  Rendered tareas/index.html.erb within layouts/application (5.7ms)
  Rendered layouts/_navbar.html.erb (0.3ms)
Completed 200 OK in 23ms (Views: 20.9ms | ActiveRecord: 0.7ms)


Started GET "/" for 127.0.0.1 at 2018-07-29 18:00:17 -0400
Processing by TareasController#index as HTML
  Rendering tareas/index.html.erb within layouts/application
  [1m[35m (0.4ms)[0m  [1m[34mSELECT COUNT(*) FROM "tareas"[0m
  ↳ app/views/tareas/index.html.erb:6
  [1m[36mTarea Load (0.3ms)[0m  [1m[34mSELECT "tareas".* FROM "tareas"[0m
  ↳ app/views/tareas/index.html.erb:6
  Rendered tareas/index.html.erb within layouts/application (4.1ms)
  Rendered layouts/_navbar.html.erb (0.4ms)
Completed 200 OK in 21ms (Views: 19.4ms | ActiveRecord: 0.6ms)


Started GET "/" for 127.0.0.1 at 2018-07-29 18:00:18 -0400
Processing by TareasController#index as HTML
  Rendering tareas/index.html.erb within layouts/application
  [1m[35m (0.2ms)[0m  [1m[34mSELECT COUNT(*) FROM "tareas"[0m
  ↳ app/views/tareas/index.html.erb:6
  [1m[36mTarea Load (0.2ms)[0m  [1m[34mSELECT "tareas".* FROM "tareas"[0m
  ↳ app/views/tareas/index.html.erb:6
  Rendered tareas/index.html.erb within layouts/application (3.0ms)
  Rendered layouts/_navbar.html.erb (0.4ms)
Completed 200 OK in 21ms (Views: 19.0ms | ActiveRecord: 0.3ms)


Started GET "/" for 127.0.0.1 at 2018-07-29 18:00:19 -0400
Processing by TareasController#index as HTML
  Rendering tareas/index.html.erb within layouts/application
  [1m[35m (0.2ms)[0m  [1m[34mSELECT COUNT(*) FROM "tareas"[0m
  ↳ app/views/tareas/index.html.erb:6
  [1m[36mTarea Load (0.2ms)[0m  [1m[34mSELECT "tareas".* FROM "tareas"[0m
  ↳ app/views/tareas/index.html.erb:6
  Rendered tareas/index.html.erb within layouts/application (4.2ms)
  Rendered layouts/_navbar.html.erb (0.4ms)
Completed 200 OK in 31ms (Views: 28.9ms | ActiveRecord: 0.4ms)


Started GET "/" for 127.0.0.1 at 2018-07-29 18:07:40 -0400
Processing by TareasController#index as HTML
  Rendering tareas/index.html.erb within layouts/application
  Rendered tareas/index.html.erb within layouts/application (1.6ms)
Completed 500 Internal Server Error in 7ms (ActiveRecord: 0.0ms)


  
SyntaxError (/home/carol/prueba02/app/views/tareas/index.html.erb:13: syntax error, unexpected '='
d=( link_to "Listo","#",class="btn btn-success" );@output_bu
                              ^):
  
app/views/tareas/index.html.erb:13: syntax error, unexpected '='
Started GET "/" for 127.0.0.1 at 2018-07-29 18:09:08 -0400
Processing by TareasController#index as HTML
  Rendering tareas/index.html.erb within layouts/application
  [1m[35m (0.3ms)[0m  [1m[34mSELECT COUNT(*) FROM "tareas"[0m
  ↳ app/views/tareas/index.html.erb:6
  [1m[36mTarea Load (0.3ms)[0m  [1m[34mSELECT "tareas".* FROM "tareas"[0m
  ↳ app/views/tareas/index.html.erb:6
  Rendered tareas/index.html.erb within layouts/application (4.7ms)
  Rendered layouts/_navbar.html.erb (0.3ms)
Completed 200 OK in 22ms (Views: 20.5ms | ActiveRecord: 0.6ms)


Started GET "/" for 127.0.0.1 at 2018-07-29 18:09:11 -0400
Processing by TareasController#index as HTML
  Rendering tareas/index.html.erb within layouts/application
  [1m[35m (0.3ms)[0m  [1m[34mSELECT COUNT(*) FROM "tareas"[0m
  ↳ app/views/tareas/index.html.erb:6
  [1m[36mTarea Load (0.2ms)[0m  [1m[34mSELECT "tareas".* FROM "tareas"[0m
  ↳ app/views/tareas/index.html.erb:6
  Rendered tareas/index.html.erb within layouts/application (4.9ms)
  Rendered layouts/_navbar.html.erb (0.4ms)
Completed 200 OK in 23ms (Views: 21.7ms | ActiveRecord: 0.6ms)


  [1m[35m (0.1ms)[0m  [1m[34mSELECT "schema_migrations"."version" FROM "schema_migrations" ORDER BY "schema_migrations"."version" ASC[0m
  ↳ /home/carol/.rvm/gems/ruby-2.4.1/bin/rake:23
Migrating to CreateChecks (20180729222109)
  [1m[35m (0.1ms)[0m  [1m[36mbegin transaction[0m
  ↳ /home/carol/.rvm/gems/ruby-2.4.1/bin/rake:23
  [1m[35m (0.1ms)[0m  [1m[34mSELECT sqlite_version(*)[0m
  ↳ db/migrate/20180729222109_create_checks.rb:3
  [1m[35m (0.5ms)[0m  [1m[35mCREATE TABLE "checks" ("id" integer PRIMARY KEY AUTOINCREMENT NOT NULL, "user_id" integer, "tarea_id" integer, "state" boolean, "created_at" datetime NOT NULL, "updated_at" datetime NOT NULL, CONSTRAINT "fk_rails_d09d3671b2"
FOREIGN KEY ("user_id")
  REFERENCES "users" ("id")
, CONSTRAINT "fk_rails_57cf0dd2f9"
FOREIGN KEY ("tarea_id")
  REFERENCES "tareas" ("id")
)[0m
  ↳ db/migrate/20180729222109_create_checks.rb:3
  [1m[35m (0.3ms)[0m  [1m[35mCREATE  INDEX "index_checks_on_user_id" ON "checks" ("user_id")[0m
  ↳ db/migrate/20180729222109_create_checks.rb:3
  [1m[35m (0.2ms)[0m  [1m[35mCREATE  INDEX "index_checks_on_tarea_id" ON "checks" ("tarea_id")[0m
  ↳ db/migrate/20180729222109_create_checks.rb:3
  [1m[36mActiveRecord::SchemaMigration Create (0.2ms)[0m  [1m[32mINSERT INTO "schema_migrations" ("version") VALUES (?)[0m  [["version", "20180729222109"]]
  ↳ /home/carol/.rvm/gems/ruby-2.4.1/bin/rake:23
  [1m[35m (138.7ms)[0m  [1m[36mcommit transaction[0m
  ↳ /home/carol/.rvm/gems/ruby-2.4.1/bin/rake:23
  [1m[36mActiveRecord::InternalMetadata Load (0.3ms)[0m  [1m[34mSELECT  "ar_internal_metadata".* FROM "ar_internal_metadata" WHERE "ar_internal_metadata"."key" = ? LIMIT ?[0m  [["key", "environment"], ["LIMIT", 1]]
  ↳ /home/carol/.rvm/gems/ruby-2.4.1/bin/rake:23
  [1m[35m (0.1ms)[0m  [1m[36mbegin transaction[0m
  ↳ /home/carol/.rvm/gems/ruby-2.4.1/bin/rake:23
  [1m[35m (0.1ms)[0m  [1m[36mcommit transaction[0m
  ↳ /home/carol/.rvm/gems/ruby-2.4.1/bin/rake:23
  [1m[35m (0.1ms)[0m  [1m[34mSELECT "schema_migrations"."version" FROM "schema_migrations" ORDER BY "schema_migrations"."version" ASC[0m
  ↳ /home/carol/.rvm/gems/ruby-2.4.1/bin/rake:23
  [1m[36mTarea Load (0.2ms)[0m  [1m[34mSELECT  "tareas".* FROM "tareas" ORDER BY "tareas"."id" ASC LIMIT ?[0m  [["LIMIT", 1]]
  [1m[36mTarea Load (0.3ms)[0m  [1m[34mSELECT  "tareas".* FROM "tareas" ORDER BY "tareas"."id" ASC LIMIT ?[0m  [["LIMIT", 1]]
